[1.701s] Invoking command in '/home/robotica/Robotica/Taller 3/src/mi_robot_manipulador_15': PYTHONPATH=/home/robotica/Robotica/Taller 3/build/mi_robot_manipulador_15/prefix_override:/home/robotica/Robotica/Taller 3/install/mi_robot_manipulador_15/lib/python3.10/site-packages:${PYTHONPATH} /usr/bin/python3 setup.py egg_info --egg-base ../../build/mi_robot_manipulador_15 build --build-base /home/robotica/Robotica/Taller 3/build/mi_robot_manipulador_15/build install --record /home/robotica/Robotica/Taller 3/build/mi_robot_manipulador_15/install.log --single-version-externally-managed
[2.178s] running egg_info
[2.184s] writing ../../build/mi_robot_manipulador_15/mi_robot_manipulador_15.egg-info/PKG-INFO
[2.191s] writing dependency_links to ../../build/mi_robot_manipulador_15/mi_robot_manipulador_15.egg-info/dependency_links.txt
[2.198s] writing entry points to ../../build/mi_robot_manipulador_15/mi_robot_manipulador_15.egg-info/entry_points.txt
[2.217s] writing requirements to ../../build/mi_robot_manipulador_15/mi_robot_manipulador_15.egg-info/requires.txt
[2.225s] writing top-level names to ../../build/mi_robot_manipulador_15/mi_robot_manipulador_15.egg-info/top_level.txt
[2.246s] reading manifest file '../../build/mi_robot_manipulador_15/mi_robot_manipulador_15.egg-info/SOURCES.txt'
[2.255s] writing manifest file '../../build/mi_robot_manipulador_15/mi_robot_manipulador_15.egg-info/SOURCES.txt'
[2.281s] running build
[2.285s] running build_py
[2.297s] running install
[2.299s] /usr/lib/python3/dist-packages/setuptools/command/install.py:34: SetuptoolsDeprecationWarning: setup.py install is deprecated. Use build and pip and other standards-based tools.
[2.301s]   warnings.warn(
[2.308s] running install_lib
[2.323s] running install_data
[2.328s] running install_egg_info
[2.338s] removing '/home/robotica/Robotica/Taller 3/install/mi_robot_manipulador_15/lib/python3.10/site-packages/mi_robot_manipulador_15-0.0.0-py3.10.egg-info' (and everything under it)
[2.359s] Copying ../../build/mi_robot_manipulador_15/mi_robot_manipulador_15.egg-info to /home/robotica/Robotica/Taller 3/install/mi_robot_manipulador_15/lib/python3.10/site-packages/mi_robot_manipulador_15-0.0.0-py3.10.egg-info
[2.513s] running install_scripts
[2.563s] Installing robot_manipulator_interface script to /home/robotica/Robotica/Taller 3/install/mi_robot_manipulador_15/lib/mi_robot_manipulador_15
[2.572s] Installing robot_manipulator_planner script to /home/robotica/Robotica/Taller 3/install/mi_robot_manipulador_15/lib/mi_robot_manipulador_15
[2.579s] Installing robot_manipulator_teleop script to /home/robotica/Robotica/Taller 3/install/mi_robot_manipulador_15/lib/mi_robot_manipulador_15
[2.603s] writing list of installed files to '/home/robotica/Robotica/Taller 3/build/mi_robot_manipulador_15/install.log'
[2.660s] Invoked command in '/home/robotica/Robotica/Taller 3/src/mi_robot_manipulador_15' returned '0': PYTHONPATH=/home/robotica/Robotica/Taller 3/build/mi_robot_manipulador_15/prefix_override:/home/robotica/Robotica/Taller 3/install/mi_robot_manipulador_15/lib/python3.10/site-packages:${PYTHONPATH} /usr/bin/python3 setup.py egg_info --egg-base ../../build/mi_robot_manipulador_15 build --build-base /home/robotica/Robotica/Taller 3/build/mi_robot_manipulador_15/build install --record /home/robotica/Robotica/Taller 3/build/mi_robot_manipulador_15/install.log --single-version-externally-managed
