[4.548s] Invoking command in '/home/robotica/Robotica/Taller 3/src/mi_robot_manipulador_15': PYTHONPATH=/home/robotica/Robotica/Taller 3/build/mi_robot_manipulador_15/prefix_override:/home/robotica/Robotica/Taller 3/install/mi_robot_manipulador_15/lib/python3.10/site-packages:${PYTHONPATH} /usr/bin/python3 setup.py egg_info --egg-base ../../build/mi_robot_manipulador_15 build --build-base /home/robotica/Robotica/Taller 3/build/mi_robot_manipulador_15/build install --record /home/robotica/Robotica/Taller 3/build/mi_robot_manipulador_15/install.log --single-version-externally-managed
[6.408s] running egg_info
[6.444s] writing ../../build/mi_robot_manipulador_15/mi_robot_manipulador_15.egg-info/PKG-INFO
[6.474s] writing dependency_links to ../../build/mi_robot_manipulador_15/mi_robot_manipulador_15.egg-info/dependency_links.txt
[6.495s] writing entry points to ../../build/mi_robot_manipulador_15/mi_robot_manipulador_15.egg-info/entry_points.txt
[6.517s] writing requirements to ../../build/mi_robot_manipulador_15/mi_robot_manipulador_15.egg-info/requires.txt
[6.527s] writing top-level names to ../../build/mi_robot_manipulador_15/mi_robot_manipulador_15.egg-info/top_level.txt
[6.599s] reading manifest file '../../build/mi_robot_manipulador_15/mi_robot_manipulador_15.egg-info/SOURCES.txt'
[6.649s] writing manifest file '../../build/mi_robot_manipulador_15/mi_robot_manipulador_15.egg-info/SOURCES.txt'
[6.672s] running build
[6.730s] running build_py
[6.744s] copying mi_robot_manipulador_15/control.py -> /home/robotica/Robotica/Taller 3/build/mi_robot_manipulador_15/build/lib/mi_robot_manipulador_15
[6.764s] copying mi_robot_manipulador_15/robot_manipulator_planner.py -> /home/robotica/Robotica/Taller 3/build/mi_robot_manipulador_15/build/lib/mi_robot_manipulador_15
[6.833s] running install
[6.842s] /usr/lib/python3/dist-packages/setuptools/command/install.py:34: SetuptoolsDeprecationWarning: setup.py install is deprecated. Use build and pip and other standards-based tools.
[6.856s]   warnings.warn(
[6.865s] running install_lib
[6.872s] copying /home/robotica/Robotica/Taller 3/build/mi_robot_manipulador_15/build/lib/mi_robot_manipulador_15/control.py -> /home/robotica/Robotica/Taller 3/install/mi_robot_manipulador_15/lib/python3.10/site-packages/mi_robot_manipulador_15
[6.876s] copying /home/robotica/Robotica/Taller 3/build/mi_robot_manipulador_15/build/lib/mi_robot_manipulador_15/robot_manipulator_planner.py -> /home/robotica/Robotica/Taller 3/install/mi_robot_manipulador_15/lib/python3.10/site-packages/mi_robot_manipulador_15
[6.886s] byte-compiling /home/robotica/Robotica/Taller 3/install/mi_robot_manipulador_15/lib/python3.10/site-packages/mi_robot_manipulador_15/control.py to control.cpython-310.pyc
[6.924s] byte-compiling /home/robotica/Robotica/Taller 3/install/mi_robot_manipulador_15/lib/python3.10/site-packages/mi_robot_manipulador_15/robot_manipulator_planner.py to robot_manipulator_planner.cpython-310.pyc
[6.953s] running install_data
[6.990s] running install_egg_info
[7.011s] removing '/home/robotica/Robotica/Taller 3/install/mi_robot_manipulador_15/lib/python3.10/site-packages/mi_robot_manipulador_15-0.0.0-py3.10.egg-info' (and everything under it)
[7.074s] Copying ../../build/mi_robot_manipulador_15/mi_robot_manipulador_15.egg-info to /home/robotica/Robotica/Taller 3/install/mi_robot_manipulador_15/lib/python3.10/site-packages/mi_robot_manipulador_15-0.0.0-py3.10.egg-info
[7.427s] running install_scripts
[7.581s] Installing robot_manipulator_interface script to /home/robotica/Robotica/Taller 3/install/mi_robot_manipulador_15/lib/mi_robot_manipulador_15
[7.614s] Installing robot_manipulator_planner script to /home/robotica/Robotica/Taller 3/install/mi_robot_manipulador_15/lib/mi_robot_manipulador_15
[7.628s] Installing robot_manipulator_teleop script to /home/robotica/Robotica/Taller 3/install/mi_robot_manipulador_15/lib/mi_robot_manipulador_15
[7.660s] writing list of installed files to '/home/robotica/Robotica/Taller 3/build/mi_robot_manipulador_15/install.log'
[7.881s] Invoked command in '/home/robotica/Robotica/Taller 3/src/mi_robot_manipulador_15' returned '0': PYTHONPATH=/home/robotica/Robotica/Taller 3/build/mi_robot_manipulador_15/prefix_override:/home/robotica/Robotica/Taller 3/install/mi_robot_manipulador_15/lib/python3.10/site-packages:${PYTHONPATH} /usr/bin/python3 setup.py egg_info --egg-base ../../build/mi_robot_manipulador_15 build --build-base /home/robotica/Robotica/Taller 3/build/mi_robot_manipulador_15/build install --record /home/robotica/Robotica/Taller 3/build/mi_robot_manipulador_15/install.log --single-version-externally-managed
