[3.247s] Invoking command in '/home/robotica/Robotica/Taller 3/src/mi_robot_manipulador_15': PYTHONPATH=/home/robotica/Robotica/Taller 3/build/mi_robot_manipulador_15/prefix_override:/home/robotica/Robotica/Taller 3/install/mi_robot_manipulador_15/lib/python3.10/site-packages:${PYTHONPATH} /usr/bin/python3 setup.py egg_info --egg-base ../../build/mi_robot_manipulador_15 build --build-base /home/robotica/Robotica/Taller 3/build/mi_robot_manipulador_15/build install --record /home/robotica/Robotica/Taller 3/build/mi_robot_manipulador_15/install.log --single-version-externally-managed
[4.361s] running egg_info
[4.390s] writing ../../build/mi_robot_manipulador_15/mi_robot_manipulador_15.egg-info/PKG-INFO
[4.407s] writing dependency_links to ../../build/mi_robot_manipulador_15/mi_robot_manipulador_15.egg-info/dependency_links.txt
[4.497s] writing entry points to ../../build/mi_robot_manipulador_15/mi_robot_manipulador_15.egg-info/entry_points.txt
[4.514s] writing requirements to ../../build/mi_robot_manipulador_15/mi_robot_manipulador_15.egg-info/requires.txt
[4.518s] writing top-level names to ../../build/mi_robot_manipulador_15/mi_robot_manipulador_15.egg-info/top_level.txt
[4.565s] reading manifest file '../../build/mi_robot_manipulador_15/mi_robot_manipulador_15.egg-info/SOURCES.txt'
[4.581s] writing manifest file '../../build/mi_robot_manipulador_15/mi_robot_manipulador_15.egg-info/SOURCES.txt'
[4.591s] running build
[4.598s] running build_py
[4.612s] running install
[4.618s] /usr/lib/python3/dist-packages/setuptools/command/install.py:34: SetuptoolsDeprecationWarning: setup.py install is deprecated. Use build and pip and other standards-based tools.
[4.625s]   warnings.warn(
[4.639s] running install_lib
[4.772s] running install_data
[4.783s] running install_egg_info
[4.789s] removing '/home/robotica/Robotica/Taller 3/install/mi_robot_manipulador_15/lib/python3.10/site-packages/mi_robot_manipulador_15-0.0.0-py3.10.egg-info' (and everything under it)
[4.796s] Copying ../../build/mi_robot_manipulador_15/mi_robot_manipulador_15.egg-info to /home/robotica/Robotica/Taller 3/install/mi_robot_manipulador_15/lib/python3.10/site-packages/mi_robot_manipulador_15-0.0.0-py3.10.egg-info
[4.977s] running install_scripts
[5.120s] Installing robot_manipulator_interface script to /home/robotica/Robotica/Taller 3/install/mi_robot_manipulador_15/lib/mi_robot_manipulador_15
[5.166s] Installing robot_manipulator_planner script to /home/robotica/Robotica/Taller 3/install/mi_robot_manipulador_15/lib/mi_robot_manipulador_15
[5.187s] Installing robot_manipulator_teleop script to /home/robotica/Robotica/Taller 3/install/mi_robot_manipulador_15/lib/mi_robot_manipulador_15
[5.241s] writing list of installed files to '/home/robotica/Robotica/Taller 3/build/mi_robot_manipulador_15/install.log'
[5.524s] Invoked command in '/home/robotica/Robotica/Taller 3/src/mi_robot_manipulador_15' returned '0': PYTHONPATH=/home/robotica/Robotica/Taller 3/build/mi_robot_manipulador_15/prefix_override:/home/robotica/Robotica/Taller 3/install/mi_robot_manipulador_15/lib/python3.10/site-packages:${PYTHONPATH} /usr/bin/python3 setup.py egg_info --egg-base ../../build/mi_robot_manipulador_15 build --build-base /home/robotica/Robotica/Taller 3/build/mi_robot_manipulador_15/build install --record /home/robotica/Robotica/Taller 3/build/mi_robot_manipulador_15/install.log --single-version-externally-managed
