[2.628s] DEBUG:colcon:Command line arguments: ['/usr/bin/colcon', 'build']
[2.629s] DEBUG:colcon:Parsed command line arguments: Namespace(log_base=None, log_level=None, verb_name='build', build_base='build', install_base='install', merge_install=False, symlink_install=False, test_result_base=None, continue_on_error=False, executor='parallel', parallel_workers=4, event_handlers=None, ignore_user_meta=False, metas=['./colcon.meta'], base_paths=['.'], packages_ignore=None, packages_ignore_regex=None, paths=None, packages_up_to=None, packages_up_to_regex=None, packages_above=None, packages_above_and_dependencies=None, packages_above_depth=None, packages_select_by_dep=None, packages_skip_by_dep=None, packages_skip_up_to=None, packages_select_build_failed=False, packages_skip_build_finished=False, packages_select_test_failures=False, packages_skip_test_passed=False, packages_select=None, packages_skip=None, packages_select_regex=None, packages_skip_regex=None, packages_start=None, packages_end=None, allow_overriding=[], cmake_args=None, cmake_target=None, cmake_target_skip_unavailable=False, cmake_clean_cache=False, cmake_clean_first=False, cmake_force_configure=False, ament_cmake_args=None, catkin_cmake_args=None, catkin_skip_building_tests=False, verb_parser=<colcon_defaults.argument_parser.defaults.DefaultArgumentsDecorator object at 0x7f8e26dfbbe0>, verb_extension=<colcon_core.verb.build.BuildVerb object at 0x7f8e276494e0>, main=<bound method BuildVerb.main of <colcon_core.verb.build.BuildVerb object at 0x7f8e276494e0>>)
[2.934s] Level 1:colcon.colcon_core.package_discovery:discover_packages(colcon_meta) check parameters
[2.935s] Level 1:colcon.colcon_core.package_discovery:discover_packages(recursive) check parameters
[2.935s] Level 1:colcon.colcon_core.package_discovery:discover_packages(ignore) check parameters
[2.936s] Level 1:colcon.colcon_core.package_discovery:discover_packages(path) check parameters
[2.936s] Level 1:colcon.colcon_core.package_discovery:discover_packages(colcon_meta) discover
[2.937s] Level 1:colcon.colcon_core.package_discovery:discover_packages(recursive) discover
[2.938s] INFO:colcon.colcon_core.package_discovery:Crawling recursively for packages in '/home/robotica/Robotica/Taller 3'
[2.941s] Level 1:colcon.colcon_core.package_identification:_identify(.) by extensions ['ignore', 'ignore_ament_install']
[2.941s] Level 1:colcon.colcon_core.package_identification:_identify(.) by extension 'ignore'
[2.942s] Level 1:colcon.colcon_core.package_identification:_identify(.) by extension 'ignore_ament_install'
[2.943s] Level 1:colcon.colcon_core.package_identification:_identify(.) by extensions ['colcon_pkg']
[2.944s] Level 1:colcon.colcon_core.package_identification:_identify(.) by extension 'colcon_pkg'
[2.945s] Level 1:colcon.colcon_core.package_identification:_identify(.) by extensions ['colcon_meta']
[2.945s] Level 1:colcon.colcon_core.package_identification:_identify(.) by extension 'colcon_meta'
[2.946s] Level 1:colcon.colcon_core.package_identification:_identify(.) by extensions ['ros']
[2.946s] Level 1:colcon.colcon_core.package_identification:_identify(.) by extension 'ros'
[3.002s] Level 1:colcon.colcon_core.package_identification:_identify(.) by extensions ['cmake', 'python']
[3.003s] Level 1:colcon.colcon_core.package_identification:_identify(.) by extension 'cmake'
[3.004s] Level 1:colcon.colcon_core.package_identification:_identify(.) by extension 'python'
[3.006s] Level 1:colcon.colcon_core.package_identification:_identify(.) by extensions ['python_setup_py']
[3.006s] Level 1:colcon.colcon_core.package_identification:_identify(.) by extension 'python_setup_py'
[3.010s] Level 1:colcon.colcon_core.package_identification:_identify(build) by extensions ['ignore', 'ignore_ament_install']
[3.010s] Level 1:colcon.colcon_core.package_identification:_identify(build) by extension 'ignore'
[3.011s] Level 1:colcon.colcon_core.package_identification:_identify(build) ignored
[3.015s] Level 1:colcon.colcon_core.package_identification:_identify(install) by extensions ['ignore', 'ignore_ament_install']
[3.015s] Level 1:colcon.colcon_core.package_identification:_identify(install) by extension 'ignore'
[3.016s] Level 1:colcon.colcon_core.package_identification:_identify(install) ignored
[3.019s] Level 1:colcon.colcon_core.package_identification:_identify(log) by extensions ['ignore', 'ignore_ament_install']
[3.020s] Level 1:colcon.colcon_core.package_identification:_identify(log) by extension 'ignore'
[3.021s] Level 1:colcon.colcon_core.package_identification:_identify(log) ignored
[3.023s] Level 1:colcon.colcon_core.package_identification:_identify(src) by extensions ['ignore', 'ignore_ament_install']
[3.024s] Level 1:colcon.colcon_core.package_identification:_identify(src) by extension 'ignore'
[3.025s] Level 1:colcon.colcon_core.package_identification:_identify(src) by extension 'ignore_ament_install'
[3.026s] Level 1:colcon.colcon_core.package_identification:_identify(src) by extensions ['colcon_pkg']
[3.027s] Level 1:colcon.colcon_core.package_identification:_identify(src) by extension 'colcon_pkg'
[3.028s] Level 1:colcon.colcon_core.package_identification:_identify(src) by extensions ['colcon_meta']
[3.029s] Level 1:colcon.colcon_core.package_identification:_identify(src) by extension 'colcon_meta'
[3.029s] Level 1:colcon.colcon_core.package_identification:_identify(src) by extensions ['ros']
[3.029s] Level 1:colcon.colcon_core.package_identification:_identify(src) by extension 'ros'
[3.032s] Level 1:colcon.colcon_core.package_identification:_identify(src) by extensions ['cmake', 'python']
[3.032s] Level 1:colcon.colcon_core.package_identification:_identify(src) by extension 'cmake'
[3.033s] Level 1:colcon.colcon_core.package_identification:_identify(src) by extension 'python'
[3.034s] Level 1:colcon.colcon_core.package_identification:_identify(src) by extensions ['python_setup_py']
[3.035s] Level 1:colcon.colcon_core.package_identification:_identify(src) by extension 'python_setup_py'
[3.038s] Level 1:colcon.colcon_core.package_identification:_identify(src/manipulator_control) by extensions ['ignore', 'ignore_ament_install']
[3.038s] Level 1:colcon.colcon_core.package_identification:_identify(src/manipulator_control) by extension 'ignore'
[3.040s] Level 1:colcon.colcon_core.package_identification:_identify(src/manipulator_control) by extension 'ignore_ament_install'
[3.041s] Level 1:colcon.colcon_core.package_identification:_identify(src/manipulator_control) by extensions ['colcon_pkg']
[3.042s] Level 1:colcon.colcon_core.package_identification:_identify(src/manipulator_control) by extension 'colcon_pkg'
[3.043s] Level 1:colcon.colcon_core.package_identification:_identify(src/manipulator_control) by extensions ['colcon_meta']
[3.044s] Level 1:colcon.colcon_core.package_identification:_identify(src/manipulator_control) by extension 'colcon_meta'
[3.044s] Level 1:colcon.colcon_core.package_identification:_identify(src/manipulator_control) by extensions ['ros']
[3.045s] Level 1:colcon.colcon_core.package_identification:_identify(src/manipulator_control) by extension 'ros'
[3.048s] Level 1:colcon.colcon_core.package_identification:_identify(src/manipulator_control) by extensions ['cmake', 'python']
[3.049s] Level 1:colcon.colcon_core.package_identification:_identify(src/manipulator_control) by extension 'cmake'
[3.050s] Level 1:colcon.colcon_core.package_identification:_identify(src/manipulator_control) by extension 'python'
[3.051s] Level 1:colcon.colcon_core.package_identification:_identify(src/manipulator_control) by extensions ['python_setup_py']
[3.052s] Level 1:colcon.colcon_core.package_identification:_identify(src/manipulator_control) by extension 'python_setup_py'
[3.055s] Level 1:colcon.colcon_core.package_identification:_identify(src/manipulator_control/servosManipulador) by extensions ['ignore', 'ignore_ament_install']
[3.056s] Level 1:colcon.colcon_core.package_identification:_identify(src/manipulator_control/servosManipulador) by extension 'ignore'
[3.057s] Level 1:colcon.colcon_core.package_identification:_identify(src/manipulator_control/servosManipulador) by extension 'ignore_ament_install'
[3.059s] Level 1:colcon.colcon_core.package_identification:_identify(src/manipulator_control/servosManipulador) by extensions ['colcon_pkg']
[3.059s] Level 1:colcon.colcon_core.package_identification:_identify(src/manipulator_control/servosManipulador) by extension 'colcon_pkg'
[3.060s] Level 1:colcon.colcon_core.package_identification:_identify(src/manipulator_control/servosManipulador) by extensions ['colcon_meta']
[3.061s] Level 1:colcon.colcon_core.package_identification:_identify(src/manipulator_control/servosManipulador) by extension 'colcon_meta'
[3.062s] Level 1:colcon.colcon_core.package_identification:_identify(src/manipulator_control/servosManipulador) by extensions ['ros']
[3.062s] Level 1:colcon.colcon_core.package_identification:_identify(src/manipulator_control/servosManipulador) by extension 'ros'
[3.064s] Level 1:colcon.colcon_core.package_identification:_identify(src/manipulator_control/servosManipulador) by extensions ['cmake', 'python']
[3.065s] Level 1:colcon.colcon_core.package_identification:_identify(src/manipulator_control/servosManipulador) by extension 'cmake'
[3.066s] Level 1:colcon.colcon_core.package_identification:_identify(src/manipulator_control/servosManipulador) by extension 'python'
[3.067s] Level 1:colcon.colcon_core.package_identification:_identify(src/manipulator_control/servosManipulador) by extensions ['python_setup_py']
[3.067s] Level 1:colcon.colcon_core.package_identification:_identify(src/manipulator_control/servosManipulador) by extension 'python_setup_py'
[3.073s] Level 1:colcon.colcon_core.package_identification:_identify(src/mi_robot_manipulador_15) by extensions ['ignore', 'ignore_ament_install']
[3.075s] Level 1:colcon.colcon_core.package_identification:_identify(src/mi_robot_manipulador_15) by extension 'ignore'
[3.076s] Level 1:colcon.colcon_core.package_identification:_identify(src/mi_robot_manipulador_15) by extension 'ignore_ament_install'
[3.077s] Level 1:colcon.colcon_core.package_identification:_identify(src/mi_robot_manipulador_15) by extensions ['colcon_pkg']
[3.077s] Level 1:colcon.colcon_core.package_identification:_identify(src/mi_robot_manipulador_15) by extension 'colcon_pkg'
[3.078s] Level 1:colcon.colcon_core.package_identification:_identify(src/mi_robot_manipulador_15) by extensions ['colcon_meta']
[3.079s] Level 1:colcon.colcon_core.package_identification:_identify(src/mi_robot_manipulador_15) by extension 'colcon_meta'
[3.079s] Level 1:colcon.colcon_core.package_identification:_identify(src/mi_robot_manipulador_15) by extensions ['ros']
[3.079s] Level 1:colcon.colcon_core.package_identification:_identify(src/mi_robot_manipulador_15) by extension 'ros'
[3.096s] DEBUG:colcon.colcon_core.package_identification:Package 'src/mi_robot_manipulador_15' with type 'ros.ament_python' and name 'mi_robot_manipulador_15'
[3.097s] Level 1:colcon.colcon_core.package_discovery:discover_packages(recursive) using defaults
[3.098s] Level 1:colcon.colcon_core.package_discovery:discover_packages(ignore) discover
[3.098s] Level 1:colcon.colcon_core.package_discovery:discover_packages(ignore) using defaults
[3.098s] Level 1:colcon.colcon_core.package_discovery:discover_packages(path) discover
[3.099s] Level 1:colcon.colcon_core.package_discovery:discover_packages(path) using defaults
[3.252s] Level 1:colcon.colcon_core.package_discovery:discover_packages(prefix_path) check parameters
[3.252s] Level 1:colcon.colcon_core.package_discovery:discover_packages(prefix_path) discover
[3.274s] DEBUG:colcon.colcon_installed_package_information.package_discovery:Found 313 installed packages in /opt/ros/humble
[3.280s] Level 1:colcon.colcon_core.package_discovery:discover_packages(prefix_path) using defaults
[3.813s] Level 5:colcon.colcon_core.verb:set package 'mi_robot_manipulador_15' build argument 'cmake_args' from command line to 'None'
[3.814s] Level 5:colcon.colcon_core.verb:set package 'mi_robot_manipulador_15' build argument 'cmake_target' from command line to 'None'
[3.815s] Level 5:colcon.colcon_core.verb:set package 'mi_robot_manipulador_15' build argument 'cmake_target_skip_unavailable' from command line to 'False'
[3.815s] Level 5:colcon.colcon_core.verb:set package 'mi_robot_manipulador_15' build argument 'cmake_clean_cache' from command line to 'False'
[3.816s] Level 5:colcon.colcon_core.verb:set package 'mi_robot_manipulador_15' build argument 'cmake_clean_first' from command line to 'False'
[3.817s] Level 5:colcon.colcon_core.verb:set package 'mi_robot_manipulador_15' build argument 'cmake_force_configure' from command line to 'False'
[3.818s] Level 5:colcon.colcon_core.verb:set package 'mi_robot_manipulador_15' build argument 'ament_cmake_args' from command line to 'None'
[3.819s] Level 5:colcon.colcon_core.verb:set package 'mi_robot_manipulador_15' build argument 'catkin_cmake_args' from command line to 'None'
[3.820s] Level 5:colcon.colcon_core.verb:set package 'mi_robot_manipulador_15' build argument 'catkin_skip_building_tests' from command line to 'False'
[3.821s] DEBUG:colcon.colcon_core.verb:Building package 'mi_robot_manipulador_15' with the following arguments: {'ament_cmake_args': None, 'build_base': '/home/robotica/Robotica/Taller 3/build/mi_robot_manipulador_15', 'catkin_cmake_args': None, 'catkin_skip_building_tests': False, 'cmake_args': None, 'cmake_clean_cache': False, 'cmake_clean_first': False, 'cmake_force_configure': False, 'cmake_target': None, 'cmake_target_skip_unavailable': False, 'install_base': '/home/robotica/Robotica/Taller 3/install/mi_robot_manipulador_15', 'merge_install': False, 'path': '/home/robotica/Robotica/Taller 3/src/mi_robot_manipulador_15', 'symlink_install': False, 'test_result_base': None}
[3.823s] INFO:colcon.colcon_core.executor:Executing jobs using 'parallel' executor
[3.829s] DEBUG:colcon.colcon_parallel_executor.executor.parallel:run_until_complete
[3.831s] INFO:colcon.colcon_ros.task.ament_python.build:Building ROS package in '/home/robotica/Robotica/Taller 3/src/mi_robot_manipulador_15' with build type 'ament_python'
[3.832s] Level 1:colcon.colcon_core.shell:create_environment_hook('mi_robot_manipulador_15', 'ament_prefix_path')
[3.888s] INFO:colcon.colcon_core.plugin_system:Skipping extension 'colcon_core.shell.bat': Not used on non-Windows systems
[3.889s] INFO:colcon.colcon_core.shell:Creating environment hook '/home/robotica/Robotica/Taller 3/install/mi_robot_manipulador_15/share/mi_robot_manipulador_15/hook/ament_prefix_path.ps1'
[3.906s] INFO:colcon.colcon_core.shell:Creating environment descriptor '/home/robotica/Robotica/Taller 3/install/mi_robot_manipulador_15/share/mi_robot_manipulador_15/hook/ament_prefix_path.dsv'
[3.915s] INFO:colcon.colcon_core.shell:Creating environment hook '/home/robotica/Robotica/Taller 3/install/mi_robot_manipulador_15/share/mi_robot_manipulador_15/hook/ament_prefix_path.sh'
[3.923s] INFO:colcon.colcon_core.shell:Skip shell extension 'powershell' for command environment: Not usable outside of PowerShell
[3.924s] DEBUG:colcon.colcon_core.shell:Skip shell extension 'dsv' for command environment
[4.789s] INFO:colcon.colcon_core.task.python.build:Building Python package in '/home/robotica/Robotica/Taller 3/src/mi_robot_manipulador_15'
[4.793s] INFO:colcon.colcon_core.shell:Skip shell extension 'powershell' for command environment: Not usable outside of PowerShell
[4.794s] DEBUG:colcon.colcon_core.shell:Skip shell extension 'dsv' for command environment
[7.015s] DEBUG:colcon.colcon_core.event_handler.log_command:Invoking command in '/home/robotica/Robotica/Taller 3/src/mi_robot_manipulador_15': PYTHONPATH=/home/robotica/Robotica/Taller 3/build/mi_robot_manipulador_15/prefix_override:/home/robotica/Robotica/Taller 3/install/mi_robot_manipulador_15/lib/python3.10/site-packages:${PYTHONPATH} /usr/bin/python3 setup.py egg_info --egg-base ../../build/mi_robot_manipulador_15 build --build-base /home/robotica/Robotica/Taller 3/build/mi_robot_manipulador_15/build install --record /home/robotica/Robotica/Taller 3/build/mi_robot_manipulador_15/install.log --single-version-externally-managed
[8.293s] DEBUG:colcon.colcon_core.event_handler.log_command:Invoked command in '/home/robotica/Robotica/Taller 3/src/mi_robot_manipulador_15' returned '0': PYTHONPATH=/home/robotica/Robotica/Taller 3/build/mi_robot_manipulador_15/prefix_override:/home/robotica/Robotica/Taller 3/install/mi_robot_manipulador_15/lib/python3.10/site-packages:${PYTHONPATH} /usr/bin/python3 setup.py egg_info --egg-base ../../build/mi_robot_manipulador_15 build --build-base /home/robotica/Robotica/Taller 3/build/mi_robot_manipulador_15/build install --record /home/robotica/Robotica/Taller 3/build/mi_robot_manipulador_15/install.log --single-version-externally-managed
[8.351s] Level 1:colcon.colcon_core.environment:checking '/home/robotica/Robotica/Taller 3/install/mi_robot_manipulador_15' for CMake module files
[8.373s] Level 1:colcon.colcon_core.environment:checking '/home/robotica/Robotica/Taller 3/install/mi_robot_manipulador_15' for CMake config files
[8.416s] Level 1:colcon.colcon_core.environment:checking '/home/robotica/Robotica/Taller 3/install/mi_robot_manipulador_15/lib'
[8.422s] Level 1:colcon.colcon_core.environment:checking '/home/robotica/Robotica/Taller 3/install/mi_robot_manipulador_15/bin'
[8.431s] Level 1:colcon.colcon_core.environment:checking '/home/robotica/Robotica/Taller 3/install/mi_robot_manipulador_15/lib/pkgconfig/mi_robot_manipulador_15.pc'
[8.434s] Level 1:colcon.colcon_core.environment:checking '/home/robotica/Robotica/Taller 3/install/mi_robot_manipulador_15/lib/python3.10/site-packages'
[8.436s] Level 1:colcon.colcon_core.shell:create_environment_hook('mi_robot_manipulador_15', 'pythonpath')
[8.439s] INFO:colcon.colcon_core.shell:Creating environment hook '/home/robotica/Robotica/Taller 3/install/mi_robot_manipulador_15/share/mi_robot_manipulador_15/hook/pythonpath.ps1'
[8.446s] INFO:colcon.colcon_core.shell:Creating environment descriptor '/home/robotica/Robotica/Taller 3/install/mi_robot_manipulador_15/share/mi_robot_manipulador_15/hook/pythonpath.dsv'
[8.452s] INFO:colcon.colcon_core.shell:Creating environment hook '/home/robotica/Robotica/Taller 3/install/mi_robot_manipulador_15/share/mi_robot_manipulador_15/hook/pythonpath.sh'
[8.459s] Level 1:colcon.colcon_core.environment:checking '/home/robotica/Robotica/Taller 3/install/mi_robot_manipulador_15/bin'
[8.460s] Level 1:colcon.colcon_core.environment:create_environment_scripts_only(mi_robot_manipulador_15)
[8.463s] INFO:colcon.colcon_core.shell:Creating package script '/home/robotica/Robotica/Taller 3/install/mi_robot_manipulador_15/share/mi_robot_manipulador_15/package.ps1'
[8.474s] INFO:colcon.colcon_core.shell:Creating package descriptor '/home/robotica/Robotica/Taller 3/install/mi_robot_manipulador_15/share/mi_robot_manipulador_15/package.dsv'
[8.480s] INFO:colcon.colcon_core.shell:Creating package script '/home/robotica/Robotica/Taller 3/install/mi_robot_manipulador_15/share/mi_robot_manipulador_15/package.sh'
[8.487s] INFO:colcon.colcon_core.shell:Creating package script '/home/robotica/Robotica/Taller 3/install/mi_robot_manipulador_15/share/mi_robot_manipulador_15/package.bash'
[8.495s] INFO:colcon.colcon_core.shell:Creating package script '/home/robotica/Robotica/Taller 3/install/mi_robot_manipulador_15/share/mi_robot_manipulador_15/package.zsh'
[8.502s] Level 1:colcon.colcon_core.environment:create_file_with_runtime_dependencies(/home/robotica/Robotica/Taller 3/install/mi_robot_manipulador_15/share/colcon-core/packages/mi_robot_manipulador_15)
[8.512s] DEBUG:colcon.colcon_parallel_executor.executor.parallel:closing loop
[8.513s] DEBUG:colcon.colcon_parallel_executor.executor.parallel:loop closed
[8.514s] DEBUG:colcon.colcon_parallel_executor.executor.parallel:run_until_complete finished with '0'
[8.516s] DEBUG:colcon.colcon_core.event_reactor:joining thread
[8.554s] INFO:colcon.colcon_core.plugin_system:Skipping extension 'colcon_notification.desktop_notification.terminal_notifier': Not used on non-Darwin systems
[8.560s] INFO:colcon.colcon_core.plugin_system:Skipping extension 'colcon_notification.desktop_notification.win32': Not used on non-Windows systems
[8.561s] INFO:colcon.colcon_notification.desktop_notification:Sending desktop notification using 'notify2'
[8.652s] DEBUG:colcon.colcon_core.event_reactor:joined thread
[8.656s] INFO:colcon.colcon_core.shell:Creating prefix script '/home/robotica/Robotica/Taller 3/install/local_setup.ps1'
[8.716s] INFO:colcon.colcon_core.shell:Creating prefix util module '/home/robotica/Robotica/Taller 3/install/_local_setup_util_ps1.py'
[8.730s] INFO:colcon.colcon_core.shell:Creating prefix chain script '/home/robotica/Robotica/Taller 3/install/setup.ps1'
[8.741s] INFO:colcon.colcon_core.shell:Creating prefix script '/home/robotica/Robotica/Taller 3/install/local_setup.sh'
[8.750s] INFO:colcon.colcon_core.shell:Creating prefix util module '/home/robotica/Robotica/Taller 3/install/_local_setup_util_sh.py'
[8.769s] INFO:colcon.colcon_core.shell:Creating prefix chain script '/home/robotica/Robotica/Taller 3/install/setup.sh'
[8.777s] INFO:colcon.colcon_core.shell:Creating prefix script '/home/robotica/Robotica/Taller 3/install/local_setup.bash'
[8.786s] INFO:colcon.colcon_core.shell:Creating prefix chain script '/home/robotica/Robotica/Taller 3/install/setup.bash'
[8.802s] INFO:colcon.colcon_core.shell:Creating prefix script '/home/robotica/Robotica/Taller 3/install/local_setup.zsh'
[8.809s] INFO:colcon.colcon_core.shell:Creating prefix chain script '/home/robotica/Robotica/Taller 3/install/setup.zsh'
