[3.287s] Invoking command in '/home/robotica/Robotica/Taller 3/src/mi_robot_manipulador_15': PYTHONPATH=/home/robotica/Robotica/Taller 3/build/mi_robot_manipulador_15/prefix_override:/home/robotica/Robotica/Taller 3/install/mi_robot_manipulador_15/lib/python3.10/site-packages:${PYTHONPATH} /usr/bin/python3 setup.py egg_info --egg-base ../../build/mi_robot_manipulador_15 build --build-base /home/robotica/Robotica/Taller 3/build/mi_robot_manipulador_15/build install --record /home/robotica/Robotica/Taller 3/build/mi_robot_manipulador_15/install.log --single-version-externally-managed
[4.395s] running egg_info
[4.407s] writing ../../build/mi_robot_manipulador_15/mi_robot_manipulador_15.egg-info/PKG-INFO
[4.415s] writing dependency_links to ../../build/mi_robot_manipulador_15/mi_robot_manipulador_15.egg-info/dependency_links.txt
[4.432s] writing entry points to ../../build/mi_robot_manipulador_15/mi_robot_manipulador_15.egg-info/entry_points.txt
[4.446s] writing requirements to ../../build/mi_robot_manipulador_15/mi_robot_manipulador_15.egg-info/requires.txt
[4.458s] writing top-level names to ../../build/mi_robot_manipulador_15/mi_robot_manipulador_15.egg-info/top_level.txt
[4.496s] reading manifest file '../../build/mi_robot_manipulador_15/mi_robot_manipulador_15.egg-info/SOURCES.txt'
[4.519s] writing manifest file '../../build/mi_robot_manipulador_15/mi_robot_manipulador_15.egg-info/SOURCES.txt'
[4.523s] running build
[4.526s] running build_py
[4.545s] copying mi_robot_manipulador_15/robot_manipulator_planner.py -> /home/robotica/Robotica/Taller 3/build/mi_robot_manipulador_15/build/lib/mi_robot_manipulador_15
[4.568s] running install
[4.575s] running install_lib
[4.580s] /usr/lib/python3/dist-packages/setuptools/command/install.py:34: SetuptoolsDeprecationWarning: setup.py install is deprecated. Use build and pip and other standards-based tools.
[4.581s]   warnings.warn(
[4.589s] copying /home/robotica/Robotica/Taller 3/build/mi_robot_manipulador_15/build/lib/mi_robot_manipulador_15/robot_manipulator_planner.py -> /home/robotica/Robotica/Taller 3/install/mi_robot_manipulador_15/lib/python3.10/site-packages/mi_robot_manipulador_15
[4.623s] byte-compiling /home/robotica/Robotica/Taller 3/install/mi_robot_manipulador_15/lib/python3.10/site-packages/mi_robot_manipulador_15/robot_manipulator_planner.py to robot_manipulator_planner.cpython-310.pyc
[4.649s] running install_data
[4.655s] running install_egg_info
[4.668s] removing '/home/robotica/Robotica/Taller 3/install/mi_robot_manipulador_15/lib/python3.10/site-packages/mi_robot_manipulador_15-0.0.0-py3.10.egg-info' (and everything under it)
[4.707s] Copying ../../build/mi_robot_manipulador_15/mi_robot_manipulador_15.egg-info to /home/robotica/Robotica/Taller 3/install/mi_robot_manipulador_15/lib/python3.10/site-packages/mi_robot_manipulador_15-0.0.0-py3.10.egg-info
[4.844s] running install_scripts
[4.905s] Installing robot_manipulator_interface script to /home/robotica/Robotica/Taller 3/install/mi_robot_manipulador_15/lib/mi_robot_manipulador_15
[4.927s] Installing robot_manipulator_planner script to /home/robotica/Robotica/Taller 3/install/mi_robot_manipulador_15/lib/mi_robot_manipulador_15
[4.949s] Installing robot_manipulator_teleop script to /home/robotica/Robotica/Taller 3/install/mi_robot_manipulador_15/lib/mi_robot_manipulador_15
[4.964s] writing list of installed files to '/home/robotica/Robotica/Taller 3/build/mi_robot_manipulador_15/install.log'
[5.049s] Invoked command in '/home/robotica/Robotica/Taller 3/src/mi_robot_manipulador_15' returned '0': PYTHONPATH=/home/robotica/Robotica/Taller 3/build/mi_robot_manipulador_15/prefix_override:/home/robotica/Robotica/Taller 3/install/mi_robot_manipulador_15/lib/python3.10/site-packages:${PYTHONPATH} /usr/bin/python3 setup.py egg_info --egg-base ../../build/mi_robot_manipulador_15 build --build-base /home/robotica/Robotica/Taller 3/build/mi_robot_manipulador_15/build install --record /home/robotica/Robotica/Taller 3/build/mi_robot_manipulador_15/install.log --single-version-externally-managed
