[2.442s] Invoking command in '/home/robotica/Robotica/Taller 3/src/mi_robot_manipulador_15': PYTHONPATH=/home/robotica/Robotica/Taller 3/build/mi_robot_manipulador_15/prefix_override:/home/robotica/Robotica/Taller 3/install/mi_robot_manipulador_15/lib/python3.10/site-packages:${PYTHONPATH} /usr/bin/python3 setup.py egg_info --egg-base ../../build/mi_robot_manipulador_15 build --build-base /home/robotica/Robotica/Taller 3/build/mi_robot_manipulador_15/build install --record /home/robotica/Robotica/Taller 3/build/mi_robot_manipulador_15/install.log --single-version-externally-managed
[3.296s] running egg_info
[3.305s] writing ../../build/mi_robot_manipulador_15/mi_robot_manipulador_15.egg-info/PKG-INFO
[3.319s] writing dependency_links to ../../build/mi_robot_manipulador_15/mi_robot_manipulador_15.egg-info/dependency_links.txt
[3.342s] writing entry points to ../../build/mi_robot_manipulador_15/mi_robot_manipulador_15.egg-info/entry_points.txt
[3.348s] writing requirements to ../../build/mi_robot_manipulador_15/mi_robot_manipulador_15.egg-info/requires.txt
[3.372s] writing top-level names to ../../build/mi_robot_manipulador_15/mi_robot_manipulador_15.egg-info/top_level.txt
[3.411s] reading manifest file '../../build/mi_robot_manipulador_15/mi_robot_manipulador_15.egg-info/SOURCES.txt'
[3.424s] writing manifest file '../../build/mi_robot_manipulador_15/mi_robot_manipulador_15.egg-info/SOURCES.txt'
[3.429s] running build
[3.438s] running build_py
[3.456s] copying mi_robot_manipulador_15/robot_manipulator_planner.py -> /home/robotica/Robotica/Taller 3/build/mi_robot_manipulador_15/build/lib/mi_robot_manipulador_15
[3.493s] running install
[3.499s] /usr/lib/python3/dist-packages/setuptools/command/install.py:34: SetuptoolsDeprecationWarning: setup.py install is deprecated. Use build and pip and other standards-based tools.
[3.502s]   warnings.warn(
[3.505s] running install_lib
[3.515s] copying /home/robotica/Robotica/Taller 3/build/mi_robot_manipulador_15/build/lib/mi_robot_manipulador_15/robot_manipulator_planner.py -> /home/robotica/Robotica/Taller 3/install/mi_robot_manipulador_15/lib/python3.10/site-packages/mi_robot_manipulador_15
[3.542s] byte-compiling /home/robotica/Robotica/Taller 3/install/mi_robot_manipulador_15/lib/python3.10/site-packages/mi_robot_manipulador_15/robot_manipulator_planner.py to robot_manipulator_planner.cpython-310.pyc
[3.572s] error: [Errno 26] Text file busy: '/home/robotica/Robotica/Taller 3/install/mi_robot_manipulador_15/lib/python3.10/site-packages/mi_robot_manipulador_15/__pycache__/robot_manipulator_planner.cpython-310.pyc.139772080325328' -> '/home/robotica/Robotica/Taller 3/install/mi_robot_manipulador_15/lib/python3.10/site-packages/mi_robot_manipulador_15/__pycache__/robot_manipulator_planner.cpython-310.pyc'
[3.642s] Invoked command in '/home/robotica/Robotica/Taller 3/src/mi_robot_manipulador_15' returned '1': PYTHONPATH=/home/robotica/Robotica/Taller 3/build/mi_robot_manipulador_15/prefix_override:/home/robotica/Robotica/Taller 3/install/mi_robot_manipulador_15/lib/python3.10/site-packages:${PYTHONPATH} /usr/bin/python3 setup.py egg_info --egg-base ../../build/mi_robot_manipulador_15 build --build-base /home/robotica/Robotica/Taller 3/build/mi_robot_manipulador_15/build install --record /home/robotica/Robotica/Taller 3/build/mi_robot_manipulador_15/install.log --single-version-externally-managed
