[1.307s] DEBUG:colcon:Command line arguments: ['/usr/bin/colcon', 'build']
[1.309s] DEBUG:colcon:Parsed command line arguments: Namespace(log_base=None, log_level=None, verb_name='build', build_base='build', install_base='install', merge_install=False, symlink_install=False, test_result_base=None, continue_on_error=False, executor='parallel', parallel_workers=4, event_handlers=None, ignore_user_meta=False, metas=['./colcon.meta'], base_paths=['.'], packages_ignore=None, packages_ignore_regex=None, paths=None, packages_up_to=None, packages_up_to_regex=None, packages_above=None, packages_above_and_dependencies=None, packages_above_depth=None, packages_select_by_dep=None, packages_skip_by_dep=None, packages_skip_up_to=None, packages_select_build_failed=False, packages_skip_build_finished=False, packages_select_test_failures=False, packages_skip_test_passed=False, packages_select=None, packages_skip=None, packages_select_regex=None, packages_skip_regex=None, packages_start=None, packages_end=None, allow_overriding=[], cmake_args=None, cmake_target=None, cmake_target_skip_unavailable=False, cmake_clean_cache=False, cmake_clean_first=False, cmake_force_configure=False, ament_cmake_args=None, catkin_cmake_args=None, catkin_skip_building_tests=False, verb_parser=<colcon_defaults.argument_parser.defaults.DefaultArgumentsDecorator object at 0x7f1d597c0160>, verb_extension=<colcon_core.verb.build.BuildVerb object at 0x7f1d59fad060>, main=<bound method BuildVerb.main of <colcon_core.verb.build.BuildVerb object at 0x7f1d59fad060>>)
[1.601s] Level 1:colcon.colcon_core.package_discovery:discover_packages(colcon_meta) check parameters
[1.606s] Level 1:colcon.colcon_core.package_discovery:discover_packages(recursive) check parameters
[1.607s] Level 1:colcon.colcon_core.package_discovery:discover_packages(ignore) check parameters
[1.609s] Level 1:colcon.colcon_core.package_discovery:discover_packages(path) check parameters
[1.610s] Level 1:colcon.colcon_core.package_discovery:discover_packages(colcon_meta) discover
[1.617s] Level 1:colcon.colcon_core.package_discovery:discover_packages(recursive) discover
[1.618s] INFO:colcon.colcon_core.package_discovery:Crawling recursively for packages in '/home/robotica/Robotica/Taller 3'
[1.629s] Level 1:colcon.colcon_core.package_identification:_identify(.) by extensions ['ignore', 'ignore_ament_install']
[1.631s] Level 1:colcon.colcon_core.package_identification:_identify(.) by extension 'ignore'
[1.634s] Level 1:colcon.colcon_core.package_identification:_identify(.) by extension 'ignore_ament_install'
[1.639s] Level 1:colcon.colcon_core.package_identification:_identify(.) by extensions ['colcon_pkg']
[1.641s] Level 1:colcon.colcon_core.package_identification:_identify(.) by extension 'colcon_pkg'
[1.647s] Level 1:colcon.colcon_core.package_identification:_identify(.) by extensions ['colcon_meta']
[1.649s] Level 1:colcon.colcon_core.package_identification:_identify(.) by extension 'colcon_meta'
[1.652s] Level 1:colcon.colcon_core.package_identification:_identify(.) by extensions ['ros']
[1.655s] Level 1:colcon.colcon_core.package_identification:_identify(.) by extension 'ros'
[1.732s] Level 1:colcon.colcon_core.package_identification:_identify(.) by extensions ['cmake', 'python']
[1.733s] Level 1:colcon.colcon_core.package_identification:_identify(.) by extension 'cmake'
[1.736s] Level 1:colcon.colcon_core.package_identification:_identify(.) by extension 'python'
[1.741s] Level 1:colcon.colcon_core.package_identification:_identify(.) by extensions ['python_setup_py']
[1.746s] Level 1:colcon.colcon_core.package_identification:_identify(.) by extension 'python_setup_py'
[1.761s] Level 1:colcon.colcon_core.package_identification:_identify(build) by extensions ['ignore', 'ignore_ament_install']
[1.763s] Level 1:colcon.colcon_core.package_identification:_identify(build) by extension 'ignore'
[1.769s] Level 1:colcon.colcon_core.package_identification:_identify(build) ignored
[1.788s] Level 1:colcon.colcon_core.package_identification:_identify(install) by extensions ['ignore', 'ignore_ament_install']
[1.793s] Level 1:colcon.colcon_core.package_identification:_identify(install) by extension 'ignore'
[1.796s] Level 1:colcon.colcon_core.package_identification:_identify(install) ignored
[1.804s] Level 1:colcon.colcon_core.package_identification:_identify(log) by extensions ['ignore', 'ignore_ament_install']
[1.806s] Level 1:colcon.colcon_core.package_identification:_identify(log) by extension 'ignore'
[1.813s] Level 1:colcon.colcon_core.package_identification:_identify(log) ignored
[1.819s] Level 1:colcon.colcon_core.package_identification:_identify(src) by extensions ['ignore', 'ignore_ament_install']
[1.821s] Level 1:colcon.colcon_core.package_identification:_identify(src) by extension 'ignore'
[1.827s] Level 1:colcon.colcon_core.package_identification:_identify(src) by extension 'ignore_ament_install'
[1.835s] Level 1:colcon.colcon_core.package_identification:_identify(src) by extensions ['colcon_pkg']
[1.837s] Level 1:colcon.colcon_core.package_identification:_identify(src) by extension 'colcon_pkg'
[1.845s] Level 1:colcon.colcon_core.package_identification:_identify(src) by extensions ['colcon_meta']
[1.846s] Level 1:colcon.colcon_core.package_identification:_identify(src) by extension 'colcon_meta'
[1.849s] Level 1:colcon.colcon_core.package_identification:_identify(src) by extensions ['ros']
[1.852s] Level 1:colcon.colcon_core.package_identification:_identify(src) by extension 'ros'
[1.867s] Level 1:colcon.colcon_core.package_identification:_identify(src) by extensions ['cmake', 'python']
[1.869s] Level 1:colcon.colcon_core.package_identification:_identify(src) by extension 'cmake'
[1.876s] Level 1:colcon.colcon_core.package_identification:_identify(src) by extension 'python'
[1.879s] Level 1:colcon.colcon_core.package_identification:_identify(src) by extensions ['python_setup_py']
[1.883s] Level 1:colcon.colcon_core.package_identification:_identify(src) by extension 'python_setup_py'
[1.892s] Level 1:colcon.colcon_core.package_identification:_identify(src/manipulator_control) by extensions ['ignore', 'ignore_ament_install']
[1.901s] Level 1:colcon.colcon_core.package_identification:_identify(src/manipulator_control) by extension 'ignore'
[1.906s] Level 1:colcon.colcon_core.package_identification:_identify(src/manipulator_control) by extension 'ignore_ament_install'
[1.911s] Level 1:colcon.colcon_core.package_identification:_identify(src/manipulator_control) by extensions ['colcon_pkg']
[1.914s] Level 1:colcon.colcon_core.package_identification:_identify(src/manipulator_control) by extension 'colcon_pkg'
[1.919s] Level 1:colcon.colcon_core.package_identification:_identify(src/manipulator_control) by extensions ['colcon_meta']
[1.921s] Level 1:colcon.colcon_core.package_identification:_identify(src/manipulator_control) by extension 'colcon_meta'
[1.927s] Level 1:colcon.colcon_core.package_identification:_identify(src/manipulator_control) by extensions ['ros']
[1.947s] Level 1:colcon.colcon_core.package_identification:_identify(src/manipulator_control) by extension 'ros'
[1.961s] Level 1:colcon.colcon_core.package_identification:_identify(src/manipulator_control) by extensions ['cmake', 'python']
[1.964s] Level 1:colcon.colcon_core.package_identification:_identify(src/manipulator_control) by extension 'cmake'
[1.972s] Level 1:colcon.colcon_core.package_identification:_identify(src/manipulator_control) by extension 'python'
[1.978s] Level 1:colcon.colcon_core.package_identification:_identify(src/manipulator_control) by extensions ['python_setup_py']
[1.979s] Level 1:colcon.colcon_core.package_identification:_identify(src/manipulator_control) by extension 'python_setup_py'
[1.989s] Level 1:colcon.colcon_core.package_identification:_identify(src/manipulator_control/servosManipulador) by extensions ['ignore', 'ignore_ament_install']
[1.992s] Level 1:colcon.colcon_core.package_identification:_identify(src/manipulator_control/servosManipulador) by extension 'ignore'
[1.995s] Level 1:colcon.colcon_core.package_identification:_identify(src/manipulator_control/servosManipulador) by extension 'ignore_ament_install'
[2.004s] Level 1:colcon.colcon_core.package_identification:_identify(src/manipulator_control/servosManipulador) by extensions ['colcon_pkg']
[2.006s] Level 1:colcon.colcon_core.package_identification:_identify(src/manipulator_control/servosManipulador) by extension 'colcon_pkg'
[2.014s] Level 1:colcon.colcon_core.package_identification:_identify(src/manipulator_control/servosManipulador) by extensions ['colcon_meta']
[2.018s] Level 1:colcon.colcon_core.package_identification:_identify(src/manipulator_control/servosManipulador) by extension 'colcon_meta'
[2.023s] Level 1:colcon.colcon_core.package_identification:_identify(src/manipulator_control/servosManipulador) by extensions ['ros']
[2.025s] Level 1:colcon.colcon_core.package_identification:_identify(src/manipulator_control/servosManipulador) by extension 'ros'
[2.034s] Level 1:colcon.colcon_core.package_identification:_identify(src/manipulator_control/servosManipulador) by extensions ['cmake', 'python']
[2.043s] Level 1:colcon.colcon_core.package_identification:_identify(src/manipulator_control/servosManipulador) by extension 'cmake'
[2.048s] Level 1:colcon.colcon_core.package_identification:_identify(src/manipulator_control/servosManipulador) by extension 'python'
[2.061s] Level 1:colcon.colcon_core.package_identification:_identify(src/manipulator_control/servosManipulador) by extensions ['python_setup_py']
[2.065s] Level 1:colcon.colcon_core.package_identification:_identify(src/manipulator_control/servosManipulador) by extension 'python_setup_py'
[2.074s] Level 1:colcon.colcon_core.package_identification:_identify(src/mi_robot_manipulador_15) by extensions ['ignore', 'ignore_ament_install']
[2.078s] Level 1:colcon.colcon_core.package_identification:_identify(src/mi_robot_manipulador_15) by extension 'ignore'
[2.080s] Level 1:colcon.colcon_core.package_identification:_identify(src/mi_robot_manipulador_15) by extension 'ignore_ament_install'
[2.092s] Level 1:colcon.colcon_core.package_identification:_identify(src/mi_robot_manipulador_15) by extensions ['colcon_pkg']
[2.094s] Level 1:colcon.colcon_core.package_identification:_identify(src/mi_robot_manipulador_15) by extension 'colcon_pkg'
[2.100s] Level 1:colcon.colcon_core.package_identification:_identify(src/mi_robot_manipulador_15) by extensions ['colcon_meta']
[2.101s] Level 1:colcon.colcon_core.package_identification:_identify(src/mi_robot_manipulador_15) by extension 'colcon_meta'
[2.103s] Level 1:colcon.colcon_core.package_identification:_identify(src/mi_robot_manipulador_15) by extensions ['ros']
[2.104s] Level 1:colcon.colcon_core.package_identification:_identify(src/mi_robot_manipulador_15) by extension 'ros'
[2.157s] DEBUG:colcon.colcon_core.package_identification:Package 'src/mi_robot_manipulador_15' with type 'ros.ament_python' and name 'mi_robot_manipulador_15'
[2.168s] Level 1:colcon.colcon_core.package_discovery:discover_packages(recursive) using defaults
[2.175s] Level 1:colcon.colcon_core.package_discovery:discover_packages(ignore) discover
[2.184s] Level 1:colcon.colcon_core.package_discovery:discover_packages(ignore) using defaults
[2.185s] Level 1:colcon.colcon_core.package_discovery:discover_packages(path) discover
[2.187s] Level 1:colcon.colcon_core.package_discovery:discover_packages(path) using defaults
[2.353s] Level 1:colcon.colcon_core.package_discovery:discover_packages(prefix_path) check parameters
[2.355s] Level 1:colcon.colcon_core.package_discovery:discover_packages(prefix_path) discover
[2.419s] DEBUG:colcon.colcon_installed_package_information.package_discovery:Found 1 installed packages in /home/robotica/Robotica/Taller 3/install
[2.426s] DEBUG:colcon.colcon_installed_package_information.package_discovery:Found 313 installed packages in /opt/ros/humble
[2.437s] Level 1:colcon.colcon_core.package_discovery:discover_packages(prefix_path) using defaults
[2.801s] Level 5:colcon.colcon_core.verb:set package 'mi_robot_manipulador_15' build argument 'cmake_args' from command line to 'None'
[2.805s] Level 5:colcon.colcon_core.verb:set package 'mi_robot_manipulador_15' build argument 'cmake_target' from command line to 'None'
[2.809s] Level 5:colcon.colcon_core.verb:set package 'mi_robot_manipulador_15' build argument 'cmake_target_skip_unavailable' from command line to 'False'
[2.816s] Level 5:colcon.colcon_core.verb:set package 'mi_robot_manipulador_15' build argument 'cmake_clean_cache' from command line to 'False'
[2.818s] Level 5:colcon.colcon_core.verb:set package 'mi_robot_manipulador_15' build argument 'cmake_clean_first' from command line to 'False'
[2.821s] Level 5:colcon.colcon_core.verb:set package 'mi_robot_manipulador_15' build argument 'cmake_force_configure' from command line to 'False'
[2.823s] Level 5:colcon.colcon_core.verb:set package 'mi_robot_manipulador_15' build argument 'ament_cmake_args' from command line to 'None'
[2.824s] Level 5:colcon.colcon_core.verb:set package 'mi_robot_manipulador_15' build argument 'catkin_cmake_args' from command line to 'None'
[2.825s] Level 5:colcon.colcon_core.verb:set package 'mi_robot_manipulador_15' build argument 'catkin_skip_building_tests' from command line to 'False'
[2.828s] DEBUG:colcon.colcon_core.verb:Building package 'mi_robot_manipulador_15' with the following arguments: {'ament_cmake_args': None, 'build_base': '/home/robotica/Robotica/Taller 3/build/mi_robot_manipulador_15', 'catkin_cmake_args': None, 'catkin_skip_building_tests': False, 'cmake_args': None, 'cmake_clean_cache': False, 'cmake_clean_first': False, 'cmake_force_configure': False, 'cmake_target': None, 'cmake_target_skip_unavailable': False, 'install_base': '/home/robotica/Robotica/Taller 3/install/mi_robot_manipulador_15', 'merge_install': False, 'path': '/home/robotica/Robotica/Taller 3/src/mi_robot_manipulador_15', 'symlink_install': False, 'test_result_base': None}
[2.832s] INFO:colcon.colcon_core.executor:Executing jobs using 'parallel' executor
[2.857s] DEBUG:colcon.colcon_parallel_executor.executor.parallel:run_until_complete
[2.861s] INFO:colcon.colcon_ros.task.ament_python.build:Building ROS package in '/home/robotica/Robotica/Taller 3/src/mi_robot_manipulador_15' with build type 'ament_python'
[2.881s] Level 1:colcon.colcon_core.shell:create_environment_hook('mi_robot_manipulador_15', 'ament_prefix_path')
[2.925s] INFO:colcon.colcon_core.plugin_system:Skipping extension 'colcon_core.shell.bat': Not used on non-Windows systems
[2.928s] INFO:colcon.colcon_core.shell:Creating environment hook '/home/robotica/Robotica/Taller 3/install/mi_robot_manipulador_15/share/mi_robot_manipulador_15/hook/ament_prefix_path.ps1'
[2.949s] INFO:colcon.colcon_core.shell:Creating environment descriptor '/home/robotica/Robotica/Taller 3/install/mi_robot_manipulador_15/share/mi_robot_manipulador_15/hook/ament_prefix_path.dsv'
[2.959s] INFO:colcon.colcon_core.shell:Creating environment hook '/home/robotica/Robotica/Taller 3/install/mi_robot_manipulador_15/share/mi_robot_manipulador_15/hook/ament_prefix_path.sh'
[2.976s] INFO:colcon.colcon_core.shell:Skip shell extension 'powershell' for command environment: Not usable outside of PowerShell
[2.978s] DEBUG:colcon.colcon_core.shell:Skip shell extension 'dsv' for command environment
[4.113s] INFO:colcon.colcon_core.task.python.build:Building Python package in '/home/robotica/Robotica/Taller 3/src/mi_robot_manipulador_15'
[4.117s] INFO:colcon.colcon_core.shell:Skip shell extension 'powershell' for command environment: Not usable outside of PowerShell
[4.118s] DEBUG:colcon.colcon_core.shell:Skip shell extension 'dsv' for command environment
[6.141s] DEBUG:colcon.colcon_core.event_handler.log_command:Invoking command in '/home/robotica/Robotica/Taller 3/src/mi_robot_manipulador_15': PYTHONPATH=/home/robotica/Robotica/Taller 3/build/mi_robot_manipulador_15/prefix_override:/home/robotica/Robotica/Taller 3/install/mi_robot_manipulador_15/lib/python3.10/site-packages:${PYTHONPATH} /usr/bin/python3 setup.py egg_info --egg-base ../../build/mi_robot_manipulador_15 build --build-base /home/robotica/Robotica/Taller 3/build/mi_robot_manipulador_15/build install --record /home/robotica/Robotica/Taller 3/build/mi_robot_manipulador_15/install.log --single-version-externally-managed
[8.415s] DEBUG:colcon.colcon_core.event_handler.log_command:Invoked command in '/home/robotica/Robotica/Taller 3/src/mi_robot_manipulador_15' returned '0': PYTHONPATH=/home/robotica/Robotica/Taller 3/build/mi_robot_manipulador_15/prefix_override:/home/robotica/Robotica/Taller 3/install/mi_robot_manipulador_15/lib/python3.10/site-packages:${PYTHONPATH} /usr/bin/python3 setup.py egg_info --egg-base ../../build/mi_robot_manipulador_15 build --build-base /home/robotica/Robotica/Taller 3/build/mi_robot_manipulador_15/build install --record /home/robotica/Robotica/Taller 3/build/mi_robot_manipulador_15/install.log --single-version-externally-managed
[8.449s] Level 1:colcon.colcon_core.environment:checking '/home/robotica/Robotica/Taller 3/install/mi_robot_manipulador_15' for CMake module files
[8.537s] Level 1:colcon.colcon_core.environment:checking '/home/robotica/Robotica/Taller 3/install/mi_robot_manipulador_15' for CMake config files
[8.703s] Level 1:colcon.colcon_core.environment:checking '/home/robotica/Robotica/Taller 3/install/mi_robot_manipulador_15/lib'
[8.713s] Level 1:colcon.colcon_core.environment:checking '/home/robotica/Robotica/Taller 3/install/mi_robot_manipulador_15/bin'
[8.717s] Level 1:colcon.colcon_core.environment:checking '/home/robotica/Robotica/Taller 3/install/mi_robot_manipulador_15/lib/pkgconfig/mi_robot_manipulador_15.pc'
[8.725s] Level 1:colcon.colcon_core.environment:checking '/home/robotica/Robotica/Taller 3/install/mi_robot_manipulador_15/lib/python3.10/site-packages'
[8.728s] Level 1:colcon.colcon_core.shell:create_environment_hook('mi_robot_manipulador_15', 'pythonpath')
[8.738s] INFO:colcon.colcon_core.shell:Creating environment hook '/home/robotica/Robotica/Taller 3/install/mi_robot_manipulador_15/share/mi_robot_manipulador_15/hook/pythonpath.ps1'
[8.761s] INFO:colcon.colcon_core.shell:Creating environment descriptor '/home/robotica/Robotica/Taller 3/install/mi_robot_manipulador_15/share/mi_robot_manipulador_15/hook/pythonpath.dsv'
[8.780s] INFO:colcon.colcon_core.shell:Creating environment hook '/home/robotica/Robotica/Taller 3/install/mi_robot_manipulador_15/share/mi_robot_manipulador_15/hook/pythonpath.sh'
[8.808s] Level 1:colcon.colcon_core.environment:checking '/home/robotica/Robotica/Taller 3/install/mi_robot_manipulador_15/bin'
[8.818s] Level 1:colcon.colcon_core.environment:create_environment_scripts_only(mi_robot_manipulador_15)
[8.826s] INFO:colcon.colcon_core.shell:Creating package script '/home/robotica/Robotica/Taller 3/install/mi_robot_manipulador_15/share/mi_robot_manipulador_15/package.ps1'
[8.857s] INFO:colcon.colcon_core.shell:Creating package descriptor '/home/robotica/Robotica/Taller 3/install/mi_robot_manipulador_15/share/mi_robot_manipulador_15/package.dsv'
[8.879s] INFO:colcon.colcon_core.shell:Creating package script '/home/robotica/Robotica/Taller 3/install/mi_robot_manipulador_15/share/mi_robot_manipulador_15/package.sh'
[8.906s] INFO:colcon.colcon_core.shell:Creating package script '/home/robotica/Robotica/Taller 3/install/mi_robot_manipulador_15/share/mi_robot_manipulador_15/package.bash'
[8.929s] INFO:colcon.colcon_core.shell:Creating package script '/home/robotica/Robotica/Taller 3/install/mi_robot_manipulador_15/share/mi_robot_manipulador_15/package.zsh'
[8.944s] Level 1:colcon.colcon_core.environment:create_file_with_runtime_dependencies(/home/robotica/Robotica/Taller 3/install/mi_robot_manipulador_15/share/colcon-core/packages/mi_robot_manipulador_15)
[8.975s] DEBUG:colcon.colcon_parallel_executor.executor.parallel:closing loop
[8.977s] DEBUG:colcon.colcon_parallel_executor.executor.parallel:loop closed
[8.983s] DEBUG:colcon.colcon_parallel_executor.executor.parallel:run_until_complete finished with '0'
[8.989s] DEBUG:colcon.colcon_core.event_reactor:joining thread
[9.077s] INFO:colcon.colcon_core.plugin_system:Skipping extension 'colcon_notification.desktop_notification.terminal_notifier': Not used on non-Darwin systems
[9.080s] INFO:colcon.colcon_core.plugin_system:Skipping extension 'colcon_notification.desktop_notification.win32': Not used on non-Windows systems
[9.082s] INFO:colcon.colcon_notification.desktop_notification:Sending desktop notification using 'notify2'
[9.161s] DEBUG:colcon.colcon_core.event_reactor:joined thread
[9.167s] INFO:colcon.colcon_core.shell:Creating prefix script '/home/robotica/Robotica/Taller 3/install/local_setup.ps1'
[9.189s] INFO:colcon.colcon_core.shell:Creating prefix util module '/home/robotica/Robotica/Taller 3/install/_local_setup_util_ps1.py'
[9.282s] INFO:colcon.colcon_core.shell:Creating prefix chain script '/home/robotica/Robotica/Taller 3/install/setup.ps1'
[9.313s] INFO:colcon.colcon_core.shell:Creating prefix script '/home/robotica/Robotica/Taller 3/install/local_setup.sh'
[9.323s] INFO:colcon.colcon_core.shell:Creating prefix util module '/home/robotica/Robotica/Taller 3/install/_local_setup_util_sh.py'
[9.331s] INFO:colcon.colcon_core.shell:Creating prefix chain script '/home/robotica/Robotica/Taller 3/install/setup.sh'
[9.345s] INFO:colcon.colcon_core.shell:Creating prefix script '/home/robotica/Robotica/Taller 3/install/local_setup.bash'
[9.353s] INFO:colcon.colcon_core.shell:Creating prefix chain script '/home/robotica/Robotica/Taller 3/install/setup.bash'
[9.368s] INFO:colcon.colcon_core.shell:Creating prefix script '/home/robotica/Robotica/Taller 3/install/local_setup.zsh'
[9.377s] INFO:colcon.colcon_core.shell:Creating prefix chain script '/home/robotica/Robotica/Taller 3/install/setup.zsh'
