[2.259s] DEBUG:colcon:Command line arguments: ['/usr/bin/colcon', 'build']
[2.261s] DEBUG:colcon:Parsed command line arguments: Namespace(log_base=None, log_level=None, verb_name='build', build_base='build', install_base='install', merge_install=False, symlink_install=False, test_result_base=None, continue_on_error=False, executor='parallel', parallel_workers=4, event_handlers=None, ignore_user_meta=False, metas=['./colcon.meta'], base_paths=['.'], packages_ignore=None, packages_ignore_regex=None, paths=None, packages_up_to=None, packages_up_to_regex=None, packages_above=None, packages_above_and_dependencies=None, packages_above_depth=None, packages_select_by_dep=None, packages_skip_by_dep=None, packages_skip_up_to=None, packages_select_build_failed=False, packages_skip_build_finished=False, packages_select_test_failures=False, packages_skip_test_passed=False, packages_select=None, packages_skip=None, packages_select_regex=None, packages_skip_regex=None, packages_start=None, packages_end=None, allow_overriding=[], cmake_args=None, cmake_target=None, cmake_target_skip_unavailable=False, cmake_clean_cache=False, cmake_clean_first=False, cmake_force_configure=False, ament_cmake_args=None, catkin_cmake_args=None, catkin_skip_building_tests=False, verb_parser=<colcon_defaults.argument_parser.defaults.DefaultArgumentsDecorator object at 0x7f2cd1c7f820>, verb_extension=<colcon_core.verb.build.BuildVerb object at 0x7f2cd2539000>, main=<bound method BuildVerb.main of <colcon_core.verb.build.BuildVerb object at 0x7f2cd2539000>>)
[2.435s] Level 1:colcon.colcon_core.package_discovery:discover_packages(colcon_meta) check parameters
[2.443s] Level 1:colcon.colcon_core.package_discovery:discover_packages(recursive) check parameters
[2.444s] Level 1:colcon.colcon_core.package_discovery:discover_packages(ignore) check parameters
[2.446s] Level 1:colcon.colcon_core.package_discovery:discover_packages(path) check parameters
[2.448s] Level 1:colcon.colcon_core.package_discovery:discover_packages(colcon_meta) discover
[2.451s] Level 1:colcon.colcon_core.package_discovery:discover_packages(recursive) discover
[2.457s] INFO:colcon.colcon_core.package_discovery:Crawling recursively for packages in '/home/robotica/Robotica/Taller 3'
[2.469s] Level 1:colcon.colcon_core.package_identification:_identify(.) by extensions ['ignore', 'ignore_ament_install']
[2.474s] Level 1:colcon.colcon_core.package_identification:_identify(.) by extension 'ignore'
[2.478s] Level 1:colcon.colcon_core.package_identification:_identify(.) by extension 'ignore_ament_install'
[2.484s] Level 1:colcon.colcon_core.package_identification:_identify(.) by extensions ['colcon_pkg']
[2.486s] Level 1:colcon.colcon_core.package_identification:_identify(.) by extension 'colcon_pkg'
[2.488s] Level 1:colcon.colcon_core.package_identification:_identify(.) by extensions ['colcon_meta']
[2.489s] Level 1:colcon.colcon_core.package_identification:_identify(.) by extension 'colcon_meta'
[2.491s] Level 1:colcon.colcon_core.package_identification:_identify(.) by extensions ['ros']
[2.492s] Level 1:colcon.colcon_core.package_identification:_identify(.) by extension 'ros'
[2.575s] Level 1:colcon.colcon_core.package_identification:_identify(.) by extensions ['cmake', 'python']
[2.577s] Level 1:colcon.colcon_core.package_identification:_identify(.) by extension 'cmake'
[2.580s] Level 1:colcon.colcon_core.package_identification:_identify(.) by extension 'python'
[2.584s] Level 1:colcon.colcon_core.package_identification:_identify(.) by extensions ['python_setup_py']
[2.585s] Level 1:colcon.colcon_core.package_identification:_identify(.) by extension 'python_setup_py'
[2.591s] Level 1:colcon.colcon_core.package_identification:_identify(build) by extensions ['ignore', 'ignore_ament_install']
[2.593s] Level 1:colcon.colcon_core.package_identification:_identify(build) by extension 'ignore'
[2.595s] Level 1:colcon.colcon_core.package_identification:_identify(build) ignored
[2.613s] Level 1:colcon.colcon_core.package_identification:_identify(install) by extensions ['ignore', 'ignore_ament_install']
[2.615s] Level 1:colcon.colcon_core.package_identification:_identify(install) by extension 'ignore'
[2.617s] Level 1:colcon.colcon_core.package_identification:_identify(install) ignored
[2.627s] Level 1:colcon.colcon_core.package_identification:_identify(log) by extensions ['ignore', 'ignore_ament_install']
[2.635s] Level 1:colcon.colcon_core.package_identification:_identify(log) by extension 'ignore'
[2.648s] Level 1:colcon.colcon_core.package_identification:_identify(log) ignored
[2.660s] Level 1:colcon.colcon_core.package_identification:_identify(src) by extensions ['ignore', 'ignore_ament_install']
[2.666s] Level 1:colcon.colcon_core.package_identification:_identify(src) by extension 'ignore'
[2.675s] Level 1:colcon.colcon_core.package_identification:_identify(src) by extension 'ignore_ament_install'
[2.691s] Level 1:colcon.colcon_core.package_identification:_identify(src) by extensions ['colcon_pkg']
[2.694s] Level 1:colcon.colcon_core.package_identification:_identify(src) by extension 'colcon_pkg'
[2.704s] Level 1:colcon.colcon_core.package_identification:_identify(src) by extensions ['colcon_meta']
[2.705s] Level 1:colcon.colcon_core.package_identification:_identify(src) by extension 'colcon_meta'
[2.714s] Level 1:colcon.colcon_core.package_identification:_identify(src) by extensions ['ros']
[2.718s] Level 1:colcon.colcon_core.package_identification:_identify(src) by extension 'ros'
[2.726s] Level 1:colcon.colcon_core.package_identification:_identify(src) by extensions ['cmake', 'python']
[2.731s] Level 1:colcon.colcon_core.package_identification:_identify(src) by extension 'cmake'
[2.745s] Level 1:colcon.colcon_core.package_identification:_identify(src) by extension 'python'
[2.761s] Level 1:colcon.colcon_core.package_identification:_identify(src) by extensions ['python_setup_py']
[2.769s] Level 1:colcon.colcon_core.package_identification:_identify(src) by extension 'python_setup_py'
[2.802s] Level 1:colcon.colcon_core.package_identification:_identify(src/manipulator_control) by extensions ['ignore', 'ignore_ament_install']
[2.803s] Level 1:colcon.colcon_core.package_identification:_identify(src/manipulator_control) by extension 'ignore'
[2.807s] Level 1:colcon.colcon_core.package_identification:_identify(src/manipulator_control) by extension 'ignore_ament_install'
[2.827s] Level 1:colcon.colcon_core.package_identification:_identify(src/manipulator_control) by extensions ['colcon_pkg']
[2.838s] Level 1:colcon.colcon_core.package_identification:_identify(src/manipulator_control) by extension 'colcon_pkg'
[2.842s] Level 1:colcon.colcon_core.package_identification:_identify(src/manipulator_control) by extensions ['colcon_meta']
[2.844s] Level 1:colcon.colcon_core.package_identification:_identify(src/manipulator_control) by extension 'colcon_meta'
[2.845s] Level 1:colcon.colcon_core.package_identification:_identify(src/manipulator_control) by extensions ['ros']
[2.848s] Level 1:colcon.colcon_core.package_identification:_identify(src/manipulator_control) by extension 'ros'
[2.862s] Level 1:colcon.colcon_core.package_identification:_identify(src/manipulator_control) by extensions ['cmake', 'python']
[2.865s] Level 1:colcon.colcon_core.package_identification:_identify(src/manipulator_control) by extension 'cmake'
[2.867s] Level 1:colcon.colcon_core.package_identification:_identify(src/manipulator_control) by extension 'python'
[2.870s] Level 1:colcon.colcon_core.package_identification:_identify(src/manipulator_control) by extensions ['python_setup_py']
[2.871s] Level 1:colcon.colcon_core.package_identification:_identify(src/manipulator_control) by extension 'python_setup_py'
[2.902s] Level 1:colcon.colcon_core.package_identification:_identify(src/manipulator_control/servosManipulador) by extensions ['ignore', 'ignore_ament_install']
[2.910s] Level 1:colcon.colcon_core.package_identification:_identify(src/manipulator_control/servosManipulador) by extension 'ignore'
[2.916s] Level 1:colcon.colcon_core.package_identification:_identify(src/manipulator_control/servosManipulador) by extension 'ignore_ament_install'
[2.921s] Level 1:colcon.colcon_core.package_identification:_identify(src/manipulator_control/servosManipulador) by extensions ['colcon_pkg']
[2.925s] Level 1:colcon.colcon_core.package_identification:_identify(src/manipulator_control/servosManipulador) by extension 'colcon_pkg'
[2.930s] Level 1:colcon.colcon_core.package_identification:_identify(src/manipulator_control/servosManipulador) by extensions ['colcon_meta']
[2.937s] Level 1:colcon.colcon_core.package_identification:_identify(src/manipulator_control/servosManipulador) by extension 'colcon_meta'
[2.938s] Level 1:colcon.colcon_core.package_identification:_identify(src/manipulator_control/servosManipulador) by extensions ['ros']
[2.940s] Level 1:colcon.colcon_core.package_identification:_identify(src/manipulator_control/servosManipulador) by extension 'ros'
[2.981s] Level 1:colcon.colcon_core.package_identification:_identify(src/manipulator_control/servosManipulador) by extensions ['cmake', 'python']
[2.983s] Level 1:colcon.colcon_core.package_identification:_identify(src/manipulator_control/servosManipulador) by extension 'cmake'
[2.994s] Level 1:colcon.colcon_core.package_identification:_identify(src/manipulator_control/servosManipulador) by extension 'python'
[3.001s] Level 1:colcon.colcon_core.package_identification:_identify(src/manipulator_control/servosManipulador) by extensions ['python_setup_py']
[3.005s] Level 1:colcon.colcon_core.package_identification:_identify(src/manipulator_control/servosManipulador) by extension 'python_setup_py'
[3.062s] Level 1:colcon.colcon_core.package_identification:_identify(src/mi_robot_manipulador_15) by extensions ['ignore', 'ignore_ament_install']
[3.076s] Level 1:colcon.colcon_core.package_identification:_identify(src/mi_robot_manipulador_15) by extension 'ignore'
[3.077s] Level 1:colcon.colcon_core.package_identification:_identify(src/mi_robot_manipulador_15) by extension 'ignore_ament_install'
[3.085s] Level 1:colcon.colcon_core.package_identification:_identify(src/mi_robot_manipulador_15) by extensions ['colcon_pkg']
[3.088s] Level 1:colcon.colcon_core.package_identification:_identify(src/mi_robot_manipulador_15) by extension 'colcon_pkg'
[3.098s] Level 1:colcon.colcon_core.package_identification:_identify(src/mi_robot_manipulador_15) by extensions ['colcon_meta']
[3.099s] Level 1:colcon.colcon_core.package_identification:_identify(src/mi_robot_manipulador_15) by extension 'colcon_meta'
[3.101s] Level 1:colcon.colcon_core.package_identification:_identify(src/mi_robot_manipulador_15) by extensions ['ros']
[3.102s] Level 1:colcon.colcon_core.package_identification:_identify(src/mi_robot_manipulador_15) by extension 'ros'
[3.121s] DEBUG:colcon.colcon_core.package_identification:Package 'src/mi_robot_manipulador_15' with type 'ros.ament_python' and name 'mi_robot_manipulador_15'
[3.132s] Level 1:colcon.colcon_core.package_discovery:discover_packages(recursive) using defaults
[3.133s] Level 1:colcon.colcon_core.package_discovery:discover_packages(ignore) discover
[3.135s] Level 1:colcon.colcon_core.package_discovery:discover_packages(ignore) using defaults
[3.136s] Level 1:colcon.colcon_core.package_discovery:discover_packages(path) discover
[3.138s] Level 1:colcon.colcon_core.package_discovery:discover_packages(path) using defaults
[3.483s] Level 1:colcon.colcon_core.package_discovery:discover_packages(prefix_path) check parameters
[3.485s] Level 1:colcon.colcon_core.package_discovery:discover_packages(prefix_path) discover
[3.598s] DEBUG:colcon.colcon_installed_package_information.package_discovery:Found 1 installed packages in /home/robotica/Robotica/Taller 3/install
[3.608s] DEBUG:colcon.colcon_installed_package_information.package_discovery:Found 313 installed packages in /opt/ros/humble
[3.620s] Level 1:colcon.colcon_core.package_discovery:discover_packages(prefix_path) using defaults
[4.153s] Level 5:colcon.colcon_core.verb:set package 'mi_robot_manipulador_15' build argument 'cmake_args' from command line to 'None'
[4.155s] Level 5:colcon.colcon_core.verb:set package 'mi_robot_manipulador_15' build argument 'cmake_target' from command line to 'None'
[4.159s] Level 5:colcon.colcon_core.verb:set package 'mi_robot_manipulador_15' build argument 'cmake_target_skip_unavailable' from command line to 'False'
[4.166s] Level 5:colcon.colcon_core.verb:set package 'mi_robot_manipulador_15' build argument 'cmake_clean_cache' from command line to 'False'
[4.171s] Level 5:colcon.colcon_core.verb:set package 'mi_robot_manipulador_15' build argument 'cmake_clean_first' from command line to 'False'
[4.176s] Level 5:colcon.colcon_core.verb:set package 'mi_robot_manipulador_15' build argument 'cmake_force_configure' from command line to 'False'
[4.178s] Level 5:colcon.colcon_core.verb:set package 'mi_robot_manipulador_15' build argument 'ament_cmake_args' from command line to 'None'
[4.188s] Level 5:colcon.colcon_core.verb:set package 'mi_robot_manipulador_15' build argument 'catkin_cmake_args' from command line to 'None'
[4.191s] Level 5:colcon.colcon_core.verb:set package 'mi_robot_manipulador_15' build argument 'catkin_skip_building_tests' from command line to 'False'
[4.192s] DEBUG:colcon.colcon_core.verb:Building package 'mi_robot_manipulador_15' with the following arguments: {'ament_cmake_args': None, 'build_base': '/home/robotica/Robotica/Taller 3/build/mi_robot_manipulador_15', 'catkin_cmake_args': None, 'catkin_skip_building_tests': False, 'cmake_args': None, 'cmake_clean_cache': False, 'cmake_clean_first': False, 'cmake_force_configure': False, 'cmake_target': None, 'cmake_target_skip_unavailable': False, 'install_base': '/home/robotica/Robotica/Taller 3/install/mi_robot_manipulador_15', 'merge_install': False, 'path': '/home/robotica/Robotica/Taller 3/src/mi_robot_manipulador_15', 'symlink_install': False, 'test_result_base': None}
[4.203s] INFO:colcon.colcon_core.executor:Executing jobs using 'parallel' executor
[4.225s] DEBUG:colcon.colcon_parallel_executor.executor.parallel:run_until_complete
[4.227s] INFO:colcon.colcon_ros.task.ament_python.build:Building ROS package in '/home/robotica/Robotica/Taller 3/src/mi_robot_manipulador_15' with build type 'ament_python'
[4.232s] Level 1:colcon.colcon_core.shell:create_environment_hook('mi_robot_manipulador_15', 'ament_prefix_path')
[4.264s] INFO:colcon.colcon_core.plugin_system:Skipping extension 'colcon_core.shell.bat': Not used on non-Windows systems
[4.269s] INFO:colcon.colcon_core.shell:Creating environment hook '/home/robotica/Robotica/Taller 3/install/mi_robot_manipulador_15/share/mi_robot_manipulador_15/hook/ament_prefix_path.ps1'
[4.309s] INFO:colcon.colcon_core.shell:Creating environment descriptor '/home/robotica/Robotica/Taller 3/install/mi_robot_manipulador_15/share/mi_robot_manipulador_15/hook/ament_prefix_path.dsv'
[4.319s] INFO:colcon.colcon_core.shell:Creating environment hook '/home/robotica/Robotica/Taller 3/install/mi_robot_manipulador_15/share/mi_robot_manipulador_15/hook/ament_prefix_path.sh'
[4.331s] INFO:colcon.colcon_core.shell:Skip shell extension 'powershell' for command environment: Not usable outside of PowerShell
[4.334s] DEBUG:colcon.colcon_core.shell:Skip shell extension 'dsv' for command environment
[5.732s] INFO:colcon.colcon_core.task.python.build:Building Python package in '/home/robotica/Robotica/Taller 3/src/mi_robot_manipulador_15'
[5.739s] INFO:colcon.colcon_core.shell:Skip shell extension 'powershell' for command environment: Not usable outside of PowerShell
[5.741s] DEBUG:colcon.colcon_core.shell:Skip shell extension 'dsv' for command environment
[8.604s] DEBUG:colcon.colcon_core.event_handler.log_command:Invoking command in '/home/robotica/Robotica/Taller 3/src/mi_robot_manipulador_15': PYTHONPATH=/home/robotica/Robotica/Taller 3/build/mi_robot_manipulador_15/prefix_override:/home/robotica/Robotica/Taller 3/install/mi_robot_manipulador_15/lib/python3.10/site-packages:${PYTHONPATH} /usr/bin/python3 setup.py egg_info --egg-base ../../build/mi_robot_manipulador_15 build --build-base /home/robotica/Robotica/Taller 3/build/mi_robot_manipulador_15/build install --record /home/robotica/Robotica/Taller 3/build/mi_robot_manipulador_15/install.log --single-version-externally-managed
[11.565s] DEBUG:colcon.colcon_core.event_handler.log_command:Invoked command in '/home/robotica/Robotica/Taller 3/src/mi_robot_manipulador_15' returned '0': PYTHONPATH=/home/robotica/Robotica/Taller 3/build/mi_robot_manipulador_15/prefix_override:/home/robotica/Robotica/Taller 3/install/mi_robot_manipulador_15/lib/python3.10/site-packages:${PYTHONPATH} /usr/bin/python3 setup.py egg_info --egg-base ../../build/mi_robot_manipulador_15 build --build-base /home/robotica/Robotica/Taller 3/build/mi_robot_manipulador_15/build install --record /home/robotica/Robotica/Taller 3/build/mi_robot_manipulador_15/install.log --single-version-externally-managed
[11.575s] Level 1:colcon.colcon_core.environment:checking '/home/robotica/Robotica/Taller 3/install/mi_robot_manipulador_15' for CMake module files
[11.662s] Level 1:colcon.colcon_core.environment:checking '/home/robotica/Robotica/Taller 3/install/mi_robot_manipulador_15' for CMake config files
[11.820s] Level 1:colcon.colcon_core.environment:checking '/home/robotica/Robotica/Taller 3/install/mi_robot_manipulador_15/lib'
[11.836s] Level 1:colcon.colcon_core.environment:checking '/home/robotica/Robotica/Taller 3/install/mi_robot_manipulador_15/bin'
[11.844s] Level 1:colcon.colcon_core.environment:checking '/home/robotica/Robotica/Taller 3/install/mi_robot_manipulador_15/lib/pkgconfig/mi_robot_manipulador_15.pc'
[11.852s] Level 1:colcon.colcon_core.environment:checking '/home/robotica/Robotica/Taller 3/install/mi_robot_manipulador_15/lib/python3.10/site-packages'
[11.853s] Level 1:colcon.colcon_core.shell:create_environment_hook('mi_robot_manipulador_15', 'pythonpath')
[11.859s] INFO:colcon.colcon_core.shell:Creating environment hook '/home/robotica/Robotica/Taller 3/install/mi_robot_manipulador_15/share/mi_robot_manipulador_15/hook/pythonpath.ps1'
[11.893s] INFO:colcon.colcon_core.shell:Creating environment descriptor '/home/robotica/Robotica/Taller 3/install/mi_robot_manipulador_15/share/mi_robot_manipulador_15/hook/pythonpath.dsv'
[11.908s] INFO:colcon.colcon_core.shell:Creating environment hook '/home/robotica/Robotica/Taller 3/install/mi_robot_manipulador_15/share/mi_robot_manipulador_15/hook/pythonpath.sh'
[11.936s] Level 1:colcon.colcon_core.environment:checking '/home/robotica/Robotica/Taller 3/install/mi_robot_manipulador_15/bin'
[11.961s] Level 1:colcon.colcon_core.environment:create_environment_scripts_only(mi_robot_manipulador_15)
[11.967s] INFO:colcon.colcon_core.shell:Creating package script '/home/robotica/Robotica/Taller 3/install/mi_robot_manipulador_15/share/mi_robot_manipulador_15/package.ps1'
[11.990s] INFO:colcon.colcon_core.shell:Creating package descriptor '/home/robotica/Robotica/Taller 3/install/mi_robot_manipulador_15/share/mi_robot_manipulador_15/package.dsv'
[12.028s] INFO:colcon.colcon_core.shell:Creating package script '/home/robotica/Robotica/Taller 3/install/mi_robot_manipulador_15/share/mi_robot_manipulador_15/package.sh'
[12.045s] INFO:colcon.colcon_core.shell:Creating package script '/home/robotica/Robotica/Taller 3/install/mi_robot_manipulador_15/share/mi_robot_manipulador_15/package.bash'
[12.062s] INFO:colcon.colcon_core.shell:Creating package script '/home/robotica/Robotica/Taller 3/install/mi_robot_manipulador_15/share/mi_robot_manipulador_15/package.zsh'
[12.094s] Level 1:colcon.colcon_core.environment:create_file_with_runtime_dependencies(/home/robotica/Robotica/Taller 3/install/mi_robot_manipulador_15/share/colcon-core/packages/mi_robot_manipulador_15)
[12.111s] DEBUG:colcon.colcon_parallel_executor.executor.parallel:closing loop
[12.118s] DEBUG:colcon.colcon_parallel_executor.executor.parallel:loop closed
[12.120s] DEBUG:colcon.colcon_parallel_executor.executor.parallel:run_until_complete finished with '0'
[12.125s] DEBUG:colcon.colcon_core.event_reactor:joining thread
[12.259s] INFO:colcon.colcon_core.plugin_system:Skipping extension 'colcon_notification.desktop_notification.terminal_notifier': Not used on non-Darwin systems
[12.262s] INFO:colcon.colcon_core.plugin_system:Skipping extension 'colcon_notification.desktop_notification.win32': Not used on non-Windows systems
[12.265s] INFO:colcon.colcon_notification.desktop_notification:Sending desktop notification using 'notify2'
[12.343s] DEBUG:colcon.colcon_core.event_reactor:joined thread
[12.348s] INFO:colcon.colcon_core.shell:Creating prefix script '/home/robotica/Robotica/Taller 3/install/local_setup.ps1'
[12.442s] INFO:colcon.colcon_core.shell:Creating prefix util module '/home/robotica/Robotica/Taller 3/install/_local_setup_util_ps1.py'
[12.476s] INFO:colcon.colcon_core.shell:Creating prefix chain script '/home/robotica/Robotica/Taller 3/install/setup.ps1'
[12.506s] INFO:colcon.colcon_core.shell:Creating prefix script '/home/robotica/Robotica/Taller 3/install/local_setup.sh'
[12.518s] INFO:colcon.colcon_core.shell:Creating prefix util module '/home/robotica/Robotica/Taller 3/install/_local_setup_util_sh.py'
[12.548s] INFO:colcon.colcon_core.shell:Creating prefix chain script '/home/robotica/Robotica/Taller 3/install/setup.sh'
[12.661s] INFO:colcon.colcon_core.shell:Creating prefix script '/home/robotica/Robotica/Taller 3/install/local_setup.bash'
[12.689s] INFO:colcon.colcon_core.shell:Creating prefix chain script '/home/robotica/Robotica/Taller 3/install/setup.bash'
[12.765s] INFO:colcon.colcon_core.shell:Creating prefix script '/home/robotica/Robotica/Taller 3/install/local_setup.zsh'
[12.798s] INFO:colcon.colcon_core.shell:Creating prefix chain script '/home/robotica/Robotica/Taller 3/install/setup.zsh'
