[0.745s] DEBUG:colcon:Command line arguments: ['/usr/bin/colcon', 'build']
[0.746s] DEBUG:colcon:Parsed command line arguments: Namespace(log_base=None, log_level=None, verb_name='build', build_base='build', install_base='install', merge_install=False, symlink_install=False, test_result_base=None, continue_on_error=False, executor='parallel', parallel_workers=4, event_handlers=None, ignore_user_meta=False, metas=['./colcon.meta'], base_paths=['.'], packages_ignore=None, packages_ignore_regex=None, paths=None, packages_up_to=None, packages_up_to_regex=None, packages_above=None, packages_above_and_dependencies=None, packages_above_depth=None, packages_select_by_dep=None, packages_skip_by_dep=None, packages_skip_up_to=None, packages_select_build_failed=False, packages_skip_build_finished=False, packages_select_test_failures=False, packages_skip_test_passed=False, packages_select=None, packages_skip=None, packages_select_regex=None, packages_skip_regex=None, packages_start=None, packages_end=None, allow_overriding=[], cmake_args=None, cmake_target=None, cmake_target_skip_unavailable=False, cmake_clean_cache=False, cmake_clean_first=False, cmake_force_configure=False, ament_cmake_args=None, catkin_cmake_args=None, catkin_skip_building_tests=False, verb_parser=<colcon_defaults.argument_parser.defaults.DefaultArgumentsDecorator object at 0x7f5364c8c2b0>, verb_extension=<colcon_core.verb.build.BuildVerb object at 0x7f5365481240>, main=<bound method BuildVerb.main of <colcon_core.verb.build.BuildVerb object at 0x7f5365481240>>)
[0.833s] Level 1:colcon.colcon_core.package_discovery:discover_packages(colcon_meta) check parameters
[0.837s] Level 1:colcon.colcon_core.package_discovery:discover_packages(recursive) check parameters
[0.838s] Level 1:colcon.colcon_core.package_discovery:discover_packages(ignore) check parameters
[0.840s] Level 1:colcon.colcon_core.package_discovery:discover_packages(path) check parameters
[0.842s] Level 1:colcon.colcon_core.package_discovery:discover_packages(colcon_meta) discover
[0.844s] Level 1:colcon.colcon_core.package_discovery:discover_packages(recursive) discover
[0.846s] INFO:colcon.colcon_core.package_discovery:Crawling recursively for packages in '/home/robotica/Robotica/Taller 3'
[0.849s] Level 1:colcon.colcon_core.package_identification:_identify(.) by extensions ['ignore', 'ignore_ament_install']
[0.850s] Level 1:colcon.colcon_core.package_identification:_identify(.) by extension 'ignore'
[0.856s] Level 1:colcon.colcon_core.package_identification:_identify(.) by extension 'ignore_ament_install'
[0.858s] Level 1:colcon.colcon_core.package_identification:_identify(.) by extensions ['colcon_pkg']
[0.859s] Level 1:colcon.colcon_core.package_identification:_identify(.) by extension 'colcon_pkg'
[0.862s] Level 1:colcon.colcon_core.package_identification:_identify(.) by extensions ['colcon_meta']
[0.865s] Level 1:colcon.colcon_core.package_identification:_identify(.) by extension 'colcon_meta'
[0.866s] Level 1:colcon.colcon_core.package_identification:_identify(.) by extensions ['ros']
[0.867s] Level 1:colcon.colcon_core.package_identification:_identify(.) by extension 'ros'
[0.914s] Level 1:colcon.colcon_core.package_identification:_identify(.) by extensions ['cmake', 'python']
[0.916s] Level 1:colcon.colcon_core.package_identification:_identify(.) by extension 'cmake'
[0.920s] Level 1:colcon.colcon_core.package_identification:_identify(.) by extension 'python'
[0.922s] Level 1:colcon.colcon_core.package_identification:_identify(.) by extensions ['python_setup_py']
[0.924s] Level 1:colcon.colcon_core.package_identification:_identify(.) by extension 'python_setup_py'
[0.932s] Level 1:colcon.colcon_core.package_identification:_identify(build) by extensions ['ignore', 'ignore_ament_install']
[0.933s] Level 1:colcon.colcon_core.package_identification:_identify(build) by extension 'ignore'
[0.934s] Level 1:colcon.colcon_core.package_identification:_identify(build) ignored
[0.939s] Level 1:colcon.colcon_core.package_identification:_identify(install) by extensions ['ignore', 'ignore_ament_install']
[0.940s] Level 1:colcon.colcon_core.package_identification:_identify(install) by extension 'ignore'
[0.941s] Level 1:colcon.colcon_core.package_identification:_identify(install) ignored
[0.946s] Level 1:colcon.colcon_core.package_identification:_identify(log) by extensions ['ignore', 'ignore_ament_install']
[0.948s] Level 1:colcon.colcon_core.package_identification:_identify(log) by extension 'ignore'
[0.949s] Level 1:colcon.colcon_core.package_identification:_identify(log) ignored
[0.952s] Level 1:colcon.colcon_core.package_identification:_identify(src) by extensions ['ignore', 'ignore_ament_install']
[0.954s] Level 1:colcon.colcon_core.package_identification:_identify(src) by extension 'ignore'
[0.958s] Level 1:colcon.colcon_core.package_identification:_identify(src) by extension 'ignore_ament_install'
[0.961s] Level 1:colcon.colcon_core.package_identification:_identify(src) by extensions ['colcon_pkg']
[0.962s] Level 1:colcon.colcon_core.package_identification:_identify(src) by extension 'colcon_pkg'
[0.964s] Level 1:colcon.colcon_core.package_identification:_identify(src) by extensions ['colcon_meta']
[0.965s] Level 1:colcon.colcon_core.package_identification:_identify(src) by extension 'colcon_meta'
[0.966s] Level 1:colcon.colcon_core.package_identification:_identify(src) by extensions ['ros']
[0.967s] Level 1:colcon.colcon_core.package_identification:_identify(src) by extension 'ros'
[0.973s] Level 1:colcon.colcon_core.package_identification:_identify(src) by extensions ['cmake', 'python']
[0.974s] Level 1:colcon.colcon_core.package_identification:_identify(src) by extension 'cmake'
[0.976s] Level 1:colcon.colcon_core.package_identification:_identify(src) by extension 'python'
[0.978s] Level 1:colcon.colcon_core.package_identification:_identify(src) by extensions ['python_setup_py']
[0.979s] Level 1:colcon.colcon_core.package_identification:_identify(src) by extension 'python_setup_py'
[0.986s] Level 1:colcon.colcon_core.package_identification:_identify(src/manipulator_control) by extensions ['ignore', 'ignore_ament_install']
[0.988s] Level 1:colcon.colcon_core.package_identification:_identify(src/manipulator_control) by extension 'ignore'
[0.993s] Level 1:colcon.colcon_core.package_identification:_identify(src/manipulator_control) by extension 'ignore_ament_install'
[0.997s] Level 1:colcon.colcon_core.package_identification:_identify(src/manipulator_control) by extensions ['colcon_pkg']
[0.998s] Level 1:colcon.colcon_core.package_identification:_identify(src/manipulator_control) by extension 'colcon_pkg'
[1.001s] Level 1:colcon.colcon_core.package_identification:_identify(src/manipulator_control) by extensions ['colcon_meta']
[1.002s] Level 1:colcon.colcon_core.package_identification:_identify(src/manipulator_control) by extension 'colcon_meta'
[1.003s] Level 1:colcon.colcon_core.package_identification:_identify(src/manipulator_control) by extensions ['ros']
[1.004s] Level 1:colcon.colcon_core.package_identification:_identify(src/manipulator_control) by extension 'ros'
[1.008s] Level 1:colcon.colcon_core.package_identification:_identify(src/manipulator_control) by extensions ['cmake', 'python']
[1.008s] Level 1:colcon.colcon_core.package_identification:_identify(src/manipulator_control) by extension 'cmake'
[1.010s] Level 1:colcon.colcon_core.package_identification:_identify(src/manipulator_control) by extension 'python'
[1.015s] Level 1:colcon.colcon_core.package_identification:_identify(src/manipulator_control) by extensions ['python_setup_py']
[1.016s] Level 1:colcon.colcon_core.package_identification:_identify(src/manipulator_control) by extension 'python_setup_py'
[1.023s] Level 1:colcon.colcon_core.package_identification:_identify(src/manipulator_control/servosManipulador) by extensions ['ignore', 'ignore_ament_install']
[1.024s] Level 1:colcon.colcon_core.package_identification:_identify(src/manipulator_control/servosManipulador) by extension 'ignore'
[1.027s] Level 1:colcon.colcon_core.package_identification:_identify(src/manipulator_control/servosManipulador) by extension 'ignore_ament_install'
[1.030s] Level 1:colcon.colcon_core.package_identification:_identify(src/manipulator_control/servosManipulador) by extensions ['colcon_pkg']
[1.032s] Level 1:colcon.colcon_core.package_identification:_identify(src/manipulator_control/servosManipulador) by extension 'colcon_pkg'
[1.039s] Level 1:colcon.colcon_core.package_identification:_identify(src/manipulator_control/servosManipulador) by extensions ['colcon_meta']
[1.040s] Level 1:colcon.colcon_core.package_identification:_identify(src/manipulator_control/servosManipulador) by extension 'colcon_meta'
[1.042s] Level 1:colcon.colcon_core.package_identification:_identify(src/manipulator_control/servosManipulador) by extensions ['ros']
[1.043s] Level 1:colcon.colcon_core.package_identification:_identify(src/manipulator_control/servosManipulador) by extension 'ros'
[1.049s] Level 1:colcon.colcon_core.package_identification:_identify(src/manipulator_control/servosManipulador) by extensions ['cmake', 'python']
[1.051s] Level 1:colcon.colcon_core.package_identification:_identify(src/manipulator_control/servosManipulador) by extension 'cmake'
[1.054s] Level 1:colcon.colcon_core.package_identification:_identify(src/manipulator_control/servosManipulador) by extension 'python'
[1.056s] Level 1:colcon.colcon_core.package_identification:_identify(src/manipulator_control/servosManipulador) by extensions ['python_setup_py']
[1.058s] Level 1:colcon.colcon_core.package_identification:_identify(src/manipulator_control/servosManipulador) by extension 'python_setup_py'
[1.064s] Level 1:colcon.colcon_core.package_identification:_identify(src/mi_robot_manipulador_15) by extensions ['ignore', 'ignore_ament_install']
[1.067s] Level 1:colcon.colcon_core.package_identification:_identify(src/mi_robot_manipulador_15) by extension 'ignore'
[1.071s] Level 1:colcon.colcon_core.package_identification:_identify(src/mi_robot_manipulador_15) by extension 'ignore_ament_install'
[1.074s] Level 1:colcon.colcon_core.package_identification:_identify(src/mi_robot_manipulador_15) by extensions ['colcon_pkg']
[1.076s] Level 1:colcon.colcon_core.package_identification:_identify(src/mi_robot_manipulador_15) by extension 'colcon_pkg'
[1.078s] Level 1:colcon.colcon_core.package_identification:_identify(src/mi_robot_manipulador_15) by extensions ['colcon_meta']
[1.082s] Level 1:colcon.colcon_core.package_identification:_identify(src/mi_robot_manipulador_15) by extension 'colcon_meta'
[1.084s] Level 1:colcon.colcon_core.package_identification:_identify(src/mi_robot_manipulador_15) by extensions ['ros']
[1.085s] Level 1:colcon.colcon_core.package_identification:_identify(src/mi_robot_manipulador_15) by extension 'ros'
[1.108s] DEBUG:colcon.colcon_core.package_identification:Package 'src/mi_robot_manipulador_15' with type 'ros.ament_python' and name 'mi_robot_manipulador_15'
[1.113s] Level 1:colcon.colcon_core.package_discovery:discover_packages(recursive) using defaults
[1.114s] Level 1:colcon.colcon_core.package_discovery:discover_packages(ignore) discover
[1.116s] Level 1:colcon.colcon_core.package_discovery:discover_packages(ignore) using defaults
[1.117s] Level 1:colcon.colcon_core.package_discovery:discover_packages(path) discover
[1.118s] Level 1:colcon.colcon_core.package_discovery:discover_packages(path) using defaults
[1.223s] Level 1:colcon.colcon_core.package_discovery:discover_packages(prefix_path) check parameters
[1.225s] Level 1:colcon.colcon_core.package_discovery:discover_packages(prefix_path) discover
[1.290s] DEBUG:colcon.colcon_installed_package_information.package_discovery:Found 1 installed packages in /home/robotica/Robotica/Taller 3/install
[1.298s] DEBUG:colcon.colcon_installed_package_information.package_discovery:Found 313 installed packages in /opt/ros/humble
[1.306s] Level 1:colcon.colcon_core.package_discovery:discover_packages(prefix_path) using defaults
[1.485s] Level 5:colcon.colcon_core.verb:set package 'mi_robot_manipulador_15' build argument 'cmake_args' from command line to 'None'
[1.486s] Level 5:colcon.colcon_core.verb:set package 'mi_robot_manipulador_15' build argument 'cmake_target' from command line to 'None'
[1.489s] Level 5:colcon.colcon_core.verb:set package 'mi_robot_manipulador_15' build argument 'cmake_target_skip_unavailable' from command line to 'False'
[1.489s] Level 5:colcon.colcon_core.verb:set package 'mi_robot_manipulador_15' build argument 'cmake_clean_cache' from command line to 'False'
[1.492s] Level 5:colcon.colcon_core.verb:set package 'mi_robot_manipulador_15' build argument 'cmake_clean_first' from command line to 'False'
[1.492s] Level 5:colcon.colcon_core.verb:set package 'mi_robot_manipulador_15' build argument 'cmake_force_configure' from command line to 'False'
[1.494s] Level 5:colcon.colcon_core.verb:set package 'mi_robot_manipulador_15' build argument 'ament_cmake_args' from command line to 'None'
[1.496s] Level 5:colcon.colcon_core.verb:set package 'mi_robot_manipulador_15' build argument 'catkin_cmake_args' from command line to 'None'
[1.497s] Level 5:colcon.colcon_core.verb:set package 'mi_robot_manipulador_15' build argument 'catkin_skip_building_tests' from command line to 'False'
[1.498s] DEBUG:colcon.colcon_core.verb:Building package 'mi_robot_manipulador_15' with the following arguments: {'ament_cmake_args': None, 'build_base': '/home/robotica/Robotica/Taller 3/build/mi_robot_manipulador_15', 'catkin_cmake_args': None, 'catkin_skip_building_tests': False, 'cmake_args': None, 'cmake_clean_cache': False, 'cmake_clean_first': False, 'cmake_force_configure': False, 'cmake_target': None, 'cmake_target_skip_unavailable': False, 'install_base': '/home/robotica/Robotica/Taller 3/install/mi_robot_manipulador_15', 'merge_install': False, 'path': '/home/robotica/Robotica/Taller 3/src/mi_robot_manipulador_15', 'symlink_install': False, 'test_result_base': None}
[1.502s] INFO:colcon.colcon_core.executor:Executing jobs using 'parallel' executor
[1.511s] DEBUG:colcon.colcon_parallel_executor.executor.parallel:run_until_complete
[1.517s] INFO:colcon.colcon_ros.task.ament_python.build:Building ROS package in '/home/robotica/Robotica/Taller 3/src/mi_robot_manipulador_15' with build type 'ament_python'
[1.520s] Level 1:colcon.colcon_core.shell:create_environment_hook('mi_robot_manipulador_15', 'ament_prefix_path')
[1.541s] INFO:colcon.colcon_core.plugin_system:Skipping extension 'colcon_core.shell.bat': Not used on non-Windows systems
[1.543s] INFO:colcon.colcon_core.shell:Creating environment hook '/home/robotica/Robotica/Taller 3/install/mi_robot_manipulador_15/share/mi_robot_manipulador_15/hook/ament_prefix_path.ps1'
[1.560s] INFO:colcon.colcon_core.shell:Creating environment descriptor '/home/robotica/Robotica/Taller 3/install/mi_robot_manipulador_15/share/mi_robot_manipulador_15/hook/ament_prefix_path.dsv'
[1.571s] INFO:colcon.colcon_core.shell:Creating environment hook '/home/robotica/Robotica/Taller 3/install/mi_robot_manipulador_15/share/mi_robot_manipulador_15/hook/ament_prefix_path.sh'
[1.583s] INFO:colcon.colcon_core.shell:Skip shell extension 'powershell' for command environment: Not usable outside of PowerShell
[1.585s] DEBUG:colcon.colcon_core.shell:Skip shell extension 'dsv' for command environment
[2.457s] INFO:colcon.colcon_core.task.python.build:Building Python package in '/home/robotica/Robotica/Taller 3/src/mi_robot_manipulador_15'
[2.462s] INFO:colcon.colcon_core.shell:Skip shell extension 'powershell' for command environment: Not usable outside of PowerShell
[2.466s] DEBUG:colcon.colcon_core.shell:Skip shell extension 'dsv' for command environment
[3.953s] DEBUG:colcon.colcon_core.event_handler.log_command:Invoking command in '/home/robotica/Robotica/Taller 3/src/mi_robot_manipulador_15': PYTHONPATH=/home/robotica/Robotica/Taller 3/build/mi_robot_manipulador_15/prefix_override:/home/robotica/Robotica/Taller 3/install/mi_robot_manipulador_15/lib/python3.10/site-packages:${PYTHONPATH} /usr/bin/python3 setup.py egg_info --egg-base ../../build/mi_robot_manipulador_15 build --build-base /home/robotica/Robotica/Taller 3/build/mi_robot_manipulador_15/build install --record /home/robotica/Robotica/Taller 3/build/mi_robot_manipulador_15/install.log --single-version-externally-managed
[5.550s] DEBUG:colcon.colcon_core.event_handler.log_command:Invoked command in '/home/robotica/Robotica/Taller 3/src/mi_robot_manipulador_15' returned '0': PYTHONPATH=/home/robotica/Robotica/Taller 3/build/mi_robot_manipulador_15/prefix_override:/home/robotica/Robotica/Taller 3/install/mi_robot_manipulador_15/lib/python3.10/site-packages:${PYTHONPATH} /usr/bin/python3 setup.py egg_info --egg-base ../../build/mi_robot_manipulador_15 build --build-base /home/robotica/Robotica/Taller 3/build/mi_robot_manipulador_15/build install --record /home/robotica/Robotica/Taller 3/build/mi_robot_manipulador_15/install.log --single-version-externally-managed
[5.562s] Level 1:colcon.colcon_core.environment:checking '/home/robotica/Robotica/Taller 3/install/mi_robot_manipulador_15' for CMake module files
[5.642s] Level 1:colcon.colcon_core.environment:checking '/home/robotica/Robotica/Taller 3/install/mi_robot_manipulador_15' for CMake config files
[5.691s] Level 1:colcon.colcon_core.environment:checking '/home/robotica/Robotica/Taller 3/install/mi_robot_manipulador_15/lib'
[5.698s] Level 1:colcon.colcon_core.environment:checking '/home/robotica/Robotica/Taller 3/install/mi_robot_manipulador_15/bin'
[5.700s] Level 1:colcon.colcon_core.environment:checking '/home/robotica/Robotica/Taller 3/install/mi_robot_manipulador_15/lib/pkgconfig/mi_robot_manipulador_15.pc'
[5.703s] Level 1:colcon.colcon_core.environment:checking '/home/robotica/Robotica/Taller 3/install/mi_robot_manipulador_15/lib/python3.10/site-packages'
[5.704s] Level 1:colcon.colcon_core.shell:create_environment_hook('mi_robot_manipulador_15', 'pythonpath')
[5.709s] INFO:colcon.colcon_core.shell:Creating environment hook '/home/robotica/Robotica/Taller 3/install/mi_robot_manipulador_15/share/mi_robot_manipulador_15/hook/pythonpath.ps1'
[5.717s] INFO:colcon.colcon_core.shell:Creating environment descriptor '/home/robotica/Robotica/Taller 3/install/mi_robot_manipulador_15/share/mi_robot_manipulador_15/hook/pythonpath.dsv'
[5.727s] INFO:colcon.colcon_core.shell:Creating environment hook '/home/robotica/Robotica/Taller 3/install/mi_robot_manipulador_15/share/mi_robot_manipulador_15/hook/pythonpath.sh'
[5.737s] Level 1:colcon.colcon_core.environment:checking '/home/robotica/Robotica/Taller 3/install/mi_robot_manipulador_15/bin'
[5.738s] Level 1:colcon.colcon_core.environment:create_environment_scripts_only(mi_robot_manipulador_15)
[5.742s] INFO:colcon.colcon_core.shell:Creating package script '/home/robotica/Robotica/Taller 3/install/mi_robot_manipulador_15/share/mi_robot_manipulador_15/package.ps1'
[5.755s] INFO:colcon.colcon_core.shell:Creating package descriptor '/home/robotica/Robotica/Taller 3/install/mi_robot_manipulador_15/share/mi_robot_manipulador_15/package.dsv'
[5.765s] INFO:colcon.colcon_core.shell:Creating package script '/home/robotica/Robotica/Taller 3/install/mi_robot_manipulador_15/share/mi_robot_manipulador_15/package.sh'
[5.777s] INFO:colcon.colcon_core.shell:Creating package script '/home/robotica/Robotica/Taller 3/install/mi_robot_manipulador_15/share/mi_robot_manipulador_15/package.bash'
[5.788s] INFO:colcon.colcon_core.shell:Creating package script '/home/robotica/Robotica/Taller 3/install/mi_robot_manipulador_15/share/mi_robot_manipulador_15/package.zsh'
[5.797s] Level 1:colcon.colcon_core.environment:create_file_with_runtime_dependencies(/home/robotica/Robotica/Taller 3/install/mi_robot_manipulador_15/share/colcon-core/packages/mi_robot_manipulador_15)
[5.805s] DEBUG:colcon.colcon_parallel_executor.executor.parallel:closing loop
[5.807s] DEBUG:colcon.colcon_parallel_executor.executor.parallel:loop closed
[5.808s] DEBUG:colcon.colcon_parallel_executor.executor.parallel:run_until_complete finished with '0'
[5.809s] DEBUG:colcon.colcon_core.event_reactor:joining thread
[5.843s] INFO:colcon.colcon_core.plugin_system:Skipping extension 'colcon_notification.desktop_notification.terminal_notifier': Not used on non-Darwin systems
[5.849s] INFO:colcon.colcon_core.plugin_system:Skipping extension 'colcon_notification.desktop_notification.win32': Not used on non-Windows systems
[5.854s] INFO:colcon.colcon_notification.desktop_notification:Sending desktop notification using 'notify2'
[5.931s] DEBUG:colcon.colcon_core.event_reactor:joined thread
[5.936s] INFO:colcon.colcon_core.shell:Creating prefix script '/home/robotica/Robotica/Taller 3/install/local_setup.ps1'
[5.945s] INFO:colcon.colcon_core.shell:Creating prefix util module '/home/robotica/Robotica/Taller 3/install/_local_setup_util_ps1.py'
[5.956s] INFO:colcon.colcon_core.shell:Creating prefix chain script '/home/robotica/Robotica/Taller 3/install/setup.ps1'
[5.970s] INFO:colcon.colcon_core.shell:Creating prefix script '/home/robotica/Robotica/Taller 3/install/local_setup.sh'
[5.978s] INFO:colcon.colcon_core.shell:Creating prefix util module '/home/robotica/Robotica/Taller 3/install/_local_setup_util_sh.py'
[5.985s] INFO:colcon.colcon_core.shell:Creating prefix chain script '/home/robotica/Robotica/Taller 3/install/setup.sh'
[5.997s] INFO:colcon.colcon_core.shell:Creating prefix script '/home/robotica/Robotica/Taller 3/install/local_setup.bash'
[6.004s] INFO:colcon.colcon_core.shell:Creating prefix chain script '/home/robotica/Robotica/Taller 3/install/setup.bash'
[6.023s] INFO:colcon.colcon_core.shell:Creating prefix script '/home/robotica/Robotica/Taller 3/install/local_setup.zsh'
[6.030s] INFO:colcon.colcon_core.shell:Creating prefix chain script '/home/robotica/Robotica/Taller 3/install/setup.zsh'
